latexmlpost (LaTeXML version 0.8.7) paginating /home/diego/md-2324/auxdir/main.xml
(post-processing...
(Split index.html processing...
 [Split into in 21 TOCs]
 0.11 sec)
(Scan index.html processing...
Scan: DBStatus: 6/5015 objects
 0.00 sec)
(Scan Pt1.html processing...
Scan: DBStatus: 8/5015 objects
 0.00 sec)
(Scan S1.html processing...
Scan: DBStatus: 32/5015 objects
 0.01 sec)
(Scan S2.html processing...
Scan: DBStatus: 192/5015 objects
 0.02 sec)
(Scan S3.html processing...
Scan: DBStatus: 518/5015 objects
 0.04 sec)
(Scan S4.html processing...
Scan: DBStatus: 875/5015 objects
 0.04 sec)
(Scan Pt2.html processing...
Scan: DBStatus: 877/5015 objects
 0.00 sec)
(Scan S5.html processing...
Scan: DBStatus: 1021/5015 objects
 0.02 sec)
(Scan S6.html processing...
Scan: DBStatus: 1345/5015 objects
 0.04 sec)
(Scan S7.html processing...
Scan: DBStatus: 1848/5015 objects
 0.05 sec)
(Scan Pt3.html processing...
Scan: DBStatus: 1850/5015 objects
 0.00 sec)
(Scan S8.html processing...
Scan: DBStatus: 3121/5015 objects
 0.15 sec)
(Scan S9.html processing...
Scan: DBStatus: 3381/5015 objects
 0.03 sec)
(Scan S10.html processing...
Scan: DBStatus: 3956/5015 objects
 0.07 sec)
(Scan S11.html processing...
Scan: DBStatus: 4246/5015 objects
 0.04 sec)
(Scan S12.html processing...
Scan: DBStatus: 4359/5015 objects
 0.02 sec)
(Scan Pt4.html processing...
Scan: DBStatus: 4445/5015 objects
 0.01 sec)
(Scan S13.html processing...
Scan: DBStatus: 4543/5015 objects
 0.02 sec)
(Scan S14.html processing...
Scan: DBStatus: 4610/5015 objects
 0.01 sec)
(Scan S15.html processing...
Scan: DBStatus: 4781/5015 objects
 0.03 sec)
(Scan S16.html processing...
Scan: DBStatus: 5015/5015 objects
 0.03 sec)
(CrossRef index.html processing... 0.03 sec)
(CrossRef Pt1.html processing... 0.01 sec)
(CrossRef S1.html processing... 0.01 sec)
(CrossRef S2.html processing... 0.02 sec)
(CrossRef S3.html processing... 0.03 sec)
(CrossRef S4.html processing... 0.02 sec)
(CrossRef Pt2.html processing... 0.01 sec)
(CrossRef S5.html processing... 0.01 sec)
(CrossRef S6.html processing... 0.02 sec)
(CrossRef S7.html processing... 0.02 sec)
(CrossRef Pt3.html processing... 0.01 sec)
(CrossRef S8.html processing... 0.06 sec)
(CrossRef S9.html processing... 0.02 sec)
(CrossRef S10.html processing... 0.03 sec)
(CrossRef S11.html processing... 0.03 sec)
(CrossRef S12.html processing... 0.02 sec)
(CrossRef Pt4.html processing... 0.01 sec)
(CrossRef S13.html processing... 0.01 sec)
(CrossRef S14.html processing... 0.01 sec)
(CrossRef S15.html processing... 0.01 sec)
(CrossRef S16.html processing... 0.01 sec)
(Graphics index.html processing... 0.09 sec)
(Graphics S13.html processing... 0.08 sec)
(Graphics S14.html processing... 0.07 sec)
(Graphics S15.html 2 to process... 0.14 sec)
(Graphics S16.html processing... 0.07 sec)
(MathML::Presentation[w/TeXMath] index.html 3 to process...
converted 3 Maths
 0.00 sec)
(MathML::Presentation[w/TeXMath] S1.html 4 to process...
converted 4 Maths
 0.00 sec)
(MathML::Presentation[w/TeXMath] S2.html 61 to process...
converted 61 Maths
 0.06 sec)
(MathML::Presentation[w/TeXMath] S3.html 87 to process...
converted 87 Maths
 0.14 sec)
(MathML::Presentation[w/TeXMath] S4.html 63 to process...
converted 63 Maths
 0.08 sec)
(MathML::Presentation[w/TeXMath] S5.html 56 to process...
converted 56 Maths
 0.06 sec)
(MathML::Presentation[w/TeXMath] S6.html 121 to process...
converted 121 Maths
 0.11 sec)
(MathML::Presentation[w/TeXMath] S7.html 42 to process...
converted 42 Maths
 0.14 sec)
(MathML::Presentation[w/TeXMath] Pt3.html 10 to process...
converted 10 Maths
 0.00 sec)
(MathML::Presentation[w/TeXMath] S8.html 448 to process...
converted 448 Maths
 0.44 sec)
(MathML::Presentation[w/TeXMath] S9.html 66 to process...
converted 66 Maths
 0.10 sec)
(MathML::Presentation[w/TeXMath] S10.html 202 to process...
converted 202 Maths
 0.22 sec)
(MathML::Presentation[w/TeXMath] S11.html 102 to process...
converted 102 Maths
 0.14 sec)
(MathML::Presentation[w/TeXMath] S12.html 59 to process...
converted 59 Maths
 0.08 sec)
(MathML::Presentation[w/TeXMath] Pt4.html 32 to process...
converted 32 Maths
 0.02 sec)
(MathML::Presentation[w/TeXMath] S13.html 42 to process...
converted 42 Maths
 0.04 sec)
(MathML::Presentation[w/TeXMath] S14.html 23 to process...
converted 23 Maths
 0.02 sec)
(MathML::Presentation[w/TeXMath] S15.html 51 to process...
converted 51 Maths
 0.07 sec)
(MathML::Presentation[w/TeXMath] S16.html 79 to process...
converted 79 Maths
 0.07 sec)
(XSLT[using bookml/XSLT/bookml-html5.xsl] index.html processing... 0.04 sec)
(XSLT[using bookml/XSLT/bookml-html5.xsl] Pt1.html processing... 0.03 sec)
(XSLT[using bookml/XSLT/bookml-html5.xsl] S1.html processing... 0.03 sec)
(XSLT[using bookml/XSLT/bookml-html5.xsl] S2.html processing... 0.05 sec)
(XSLT[using bookml/XSLT/bookml-html5.xsl] S3.html processing... 0.06 sec)
(XSLT[using bookml/XSLT/bookml-html5.xsl] S4.html processing... 0.04 sec)
(XSLT[using bookml/XSLT/bookml-html5.xsl] Pt2.html processing... 0.03 sec)
(XSLT[using bookml/XSLT/bookml-html5.xsl] S5.html processing... 0.04 sec)
(XSLT[using bookml/XSLT/bookml-html5.xsl] S6.html processing... 0.05 sec)
(XSLT[using bookml/XSLT/bookml-html5.xsl] S7.html processing... 0.05 sec)
(XSLT[using bookml/XSLT/bookml-html5.xsl] Pt3.html processing... 0.03 sec)
(XSLT[using bookml/XSLT/bookml-html5.xsl] S8.html processing... 0.18 sec)
(XSLT[using bookml/XSLT/bookml-html5.xsl] S9.html processing... 0.05 sec)
(XSLT[using bookml/XSLT/bookml-html5.xsl] S10.html processing... 0.08 sec)
(XSLT[using bookml/XSLT/bookml-html5.xsl] S11.html processing... 0.06 sec)
(XSLT[using bookml/XSLT/bookml-html5.xsl] S12.html processing... 0.04 sec)
(XSLT[using bookml/XSLT/bookml-html5.xsl] Pt4.html processing... 0.04 sec)
(XSLT[using bookml/XSLT/bookml-html5.xsl] S13.html processing... 0.04 sec)
(XSLT[using bookml/XSLT/bookml-html5.xsl] S14.html processing... 0.04 sec)
(XSLT[using bookml/XSLT/bookml-html5.xsl] S15.html processing... 0.04 sec)
(XSLT[using bookml/XSLT/bookml-html5.xsl] S16.html processing... 0.05 sec)
(Writer index.html processing... 0.00 sec)
(Writer Pt1.html processing... 0.00 sec)
(Writer S1.html processing... 0.00 sec)
(Writer S2.html processing... 0.00 sec)
(Writer S3.html processing... 0.00 sec)
(Writer S4.html processing... 0.00 sec)
(Writer Pt2.html processing... 0.00 sec)
(Writer S5.html processing... 0.00 sec)
(Writer S6.html processing... 0.00 sec)
(Writer S7.html processing... 0.00 sec)
(Writer Pt3.html processing... 0.00 sec)
(Writer S8.html processing... 0.00 sec)
(Writer S9.html processing... 0.00 sec)
(Writer S10.html processing... 0.00 sec)
(Writer S11.html processing... 0.00 sec)
(Writer S12.html processing... 0.00 sec)
(Writer Pt4.html processing... 0.00 sec)
(Writer S13.html processing... 0.00 sec)
(Writer S14.html processing... 0.00 sec)
(Writer S15.html processing... 0.00 sec)
(Writer S16.html processing... 0.00 sec) 4.51 sec)
Postprocessing complete No obvious problems (reqd. 4.81s)
