latexml (LaTeXML version 0.8.7) processing main.tex
(Digesting TeX main...
(Loading /usr/share/perl5/LaTeXML/Package/TeX.pool.ltxml...
(Loading /usr/share/perl5/LaTeXML/Package/eTeX.pool.ltxml... 0.00 sec)
(Loading /usr/share/perl5/LaTeXML/Package/pdfTeX.pool.ltxml... 0.00 sec) 0.06 sec)
(Processing content /home/diego/md-2324/main.tex...
(Loading /usr/share/perl5/LaTeXML/Package/LaTeX.pool.ltxml...
(Loading /usr/share/perl5/LaTeXML/Package/textcomp.sty.ltxml...
(Processing definitions /usr/share/texlive/texmf-dist/tex/latex-dev/base/ts1enc.dfu... 0.01 sec) 0.22 sec) 0.30 sec)
(Loading /usr/share/perl5/LaTeXML/Package/article.cls.ltxml... 0.00 sec)
(Loading /home/diego/md-2324/bookml/bookml.sty.ltxml...
Info:found:pdf bundling 'main.pdf' in the output
	at bookml.sty.ltxml; line 109
(Loading /usr/share/perl5/LaTeXML/Package/latexml.sty.ltxml... 0.00 sec) 0.01 sec)
(Loading /usr/share/perl5/LaTeXML/Package/babel.sty.ltxml...
(Processing definitions /usr/share/texlive/texmf-dist/tex/generic/babel/babel.sty...
(Processing definitions /usr/share/texlive/texmf-dist/tex/generic/config/language.def... 0.00 sec)
(Loading /usr/share/perl5/LaTeXML/Package/txtbabel.def.ltxml...
(Processing definitions /usr/share/texlive/texmf-dist/tex/generic/babel/txtbabel.def... 0.01 sec)
(Loading /usr/share/perl5/LaTeXML/Package/babel_support.sty.ltxml... 0.00 sec) 0.02 sec)
(Processing definitions /usr/share/texlive/texmf-dist/tex/generic/babel-spanish/spanish.ldf...
Language: spanish.ldf 2021/05/27 v5.0q Spanish support from the babel system
Info:latex:(babel)  Package babel Info: Making . an active character        
	at spanish.ldf; line 675 col 0 - line 675 col 64
 0.41 sec) 1.08 sec) 1.08 sec)
(Processing content /usr/share/texlive/texmf-dist/tex/generic/babel/locale/es/babel-spanish.tex...
Info:latex:(babel)  Package babel Info: Importing
	at babel-spanish.tex; line 11 col 0 - line 11 col 1
	font and identification data for spanish
	from babel-es.ini. Reported        
 0.32 sec)
(Loading /usr/share/perl5/LaTeXML/Package/cancel.sty.ltxml... 0.00 sec)
(Loading /usr/share/perl5/LaTeXML/Package/color.sty.ltxml... 0.00 sec)
(Loading /usr/share/perl5/LaTeXML/Package/hyperref.sty.ltxml...
(Loading /usr/share/perl5/LaTeXML/Package/ltxcmds.sty.ltxml...
(Processing definitions /usr/share/texlive/texmf-dist/tex/generic/ltxcmds/ltxcmds.sty... 0.05 sec) 0.05 sec)
(Loading /usr/share/perl5/LaTeXML/Package/keyval.sty.ltxml...
(Processing definitions /usr/share/texlive/texmf-dist/tex/latex-dev/graphics/keyval.sty... 0.01 sec) 0.01 sec)
(Loading /usr/share/perl5/LaTeXML/Package/kvsetkeys.sty.ltxml...
(Processing definitions /usr/share/texlive/texmf-dist/tex/latex/kvsetkeys/kvsetkeys.sty... 0.03 sec) 0.03 sec)
(Loading /usr/share/perl5/LaTeXML/Package/kvdefinekeys.sty.ltxml...
(Processing definitions /usr/share/texlive/texmf-dist/tex/generic/kvdefinekeys/kvdefinekeys.sty... 0.01 sec) 0.01 sec)
(Loading /usr/share/perl5/LaTeXML/Package/kvoptions.sty.ltxml...
(Processing definitions /usr/share/texlive/texmf-dist/tex/latex/kvoptions/kvoptions.sty... 0.07 sec) 0.07 sec)
(Loading /usr/share/perl5/LaTeXML/Package/nameref.sty.ltxml...
(Loading /usr/share/perl5/LaTeXML/Package/refcount.sty.ltxml...
(Processing definitions /usr/share/texlive/texmf-dist/tex/latex/refcount/refcount.sty...
(Loading /usr/share/perl5/LaTeXML/Package/infwarerr.sty.ltxml...
(Processing definitions /usr/share/texlive/texmf-dist/tex/generic/infwarerr/infwarerr.sty... 0.02 sec) 0.03 sec) 0.06 sec) 0.06 sec)
(Loading /usr/share/perl5/LaTeXML/Package/gettitlestring.sty.ltxml...
(Processing definitions /usr/share/texlive/texmf-dist/tex/generic/gettitlestring/gettitlestring.sty... 0.10 sec) 0.10 sec) 0.16 sec)
(Loading /usr/share/perl5/LaTeXML/Package/url.sty.ltxml... 0.00 sec)
(Loading /usr/share/perl5/LaTeXML/Package/bitset.sty.ltxml...
(Processing definitions /usr/share/texlive/texmf-dist/tex/generic/bitset/bitset.sty...
(Loading /usr/share/perl5/LaTeXML/Package/intcalc.sty.ltxml...
(Processing definitions /usr/share/texlive/texmf-dist/tex/generic/intcalc/intcalc.sty... 0.03 sec) 0.03 sec)
(Loading /usr/share/perl5/LaTeXML/Package/bigintcalc.sty.ltxml...
(Processing definitions /usr/share/texlive/texmf-dist/tex/generic/bigintcalc/bigintcalc.sty...
(Loading /usr/share/perl5/LaTeXML/Package/pdftexcmds.sty.ltxml...
(Loading /usr/share/perl5/LaTeXML/Package/iftex.sty.ltxml... 0.00 sec) 0.00 sec) 0.08 sec) 0.09 sec) 0.20 sec) 0.21 sec) 0.58 sec)
Warning:missing_file:doclicense Can't find binding for package doclicense
	at main.tex; line 37 col 0 - line 37 col 1
	Anticipate undefined macros or environments
	search paths are /home/diego/md-2324
	In Core::Definition::Constructor[\usepac... /usr/share/perl5/LaTeXML/Package/LaTeX.pool.ltxml; line 863
Info:dependencies:dependencies Loading dependencies for /usr/share/texlive/texmf-dist/tex/latex/doclicense/doclicense.sty: xifthen,xstring,etoolbox,xspace,verbatim,ragged2e,ccicons,graphicx,csquotes,hyperxmp
	at main.tex; line 37 col 0 - line 37 col 1
(Loading /usr/share/perl5/LaTeXML/Package/etoolbox.sty.ltxml... 0.09 sec)
(Loading /usr/share/perl5/LaTeXML/Package/xspace.sty.ltxml... 0.00 sec)
(Loading /usr/share/perl5/LaTeXML/Package/verbatim.sty.ltxml... 0.00 sec)
(Loading /usr/share/perl5/LaTeXML/Package/ragged2e.sty.ltxml... 0.00 sec)
(Loading /usr/share/perl5/LaTeXML/Package/graphicx.sty.ltxml...
(Loading /usr/share/perl5/LaTeXML/Package/graphics.sty.ltxml... 0.00 sec) 0.01 sec)
(Loading /usr/share/perl5/LaTeXML/Package/csquotes.sty.ltxml...
(Processing definitions /usr/share/texlive/texmf-dist/tex/latex/csquotes/csquotes.sty...
(Loading /usr/share/perl5/LaTeXML/Package/csquotes.def.ltxml...
(Processing definitions /usr/share/texlive/texmf-dist/tex/latex/csquotes/csquotes.def... 0.34 sec) 0.34 sec)
Info:latex:(csquotes)  Package csquotes Info: Trying to load configuration file 'csquotes.cfg'..    
	at csquotes.sty; line 2484 col 0 - line 2484 col 61
Info:latex:(csquotes)  Package csquotes Info: ... configuration file loaded successfully    
	at csquotes.sty; line 2487 col 0 - line 2487 col 46
(Processing definitions /usr/share/texlive/texmf-dist/tex/latex/csquotes/csquotes.cfg... 0.00 sec) 0.65 sec) 0.66 sec)
(Loading /usr/share/perl5/LaTeXML/Package/hyperxmp.sty.ltxml... 0.00 sec)
(Loading /usr/share/perl5/LaTeXML/Package/xcolor.sty.ltxml...
(Processing definitions /usr/share/texlive/texmf-dist/tex/latex-dev/graphics/dvipsnam.def... 0.04 sec) 0.06 sec)
(Loading /usr/share/perl5/LaTeXML/Package/fontenc.sty.ltxml...
(Loading /usr/share/perl5/LaTeXML/Package/t1enc.def.ltxml...
(Processing definitions /usr/share/texlive/texmf-dist/tex/latex-dev/base/t1enc.def...
(Processing definitions /usr/share/texlive/texmf-dist/tex/latex-dev/base/t1enc.dfu... 0.03 sec)
(Loading /usr/share/perl5/LaTeXML/Package/t1.fontmap.ltxml... 0.00 sec) 0.06 sec) 0.07 sec) 0.07 sec)
(Loading /usr/share/perl5/LaTeXML/Package/lmodern.sty.ltxml... 0.00 sec)
(Loading /usr/share/perl5/LaTeXML/Package/mathrsfs.sty.ltxml... 0.00 sec)
(Loading /usr/share/perl5/LaTeXML/Package/enumitem.sty.ltxml... 0.00 sec)
(Loading /usr/share/perl5/LaTeXML/Package/mathtools.sty.ltxml...
(Loading /usr/share/perl5/LaTeXML/Package/calc.sty.ltxml... 0.00 sec)
(Loading /usr/share/perl5/LaTeXML/Package/amsmath.sty.ltxml...
(Loading /usr/share/perl5/LaTeXML/Package/amsbsy.sty.ltxml...
(Loading /usr/share/perl5/LaTeXML/Package/amsgen.sty.ltxml... 0.00 sec) 0.00 sec)
(Loading /usr/share/perl5/LaTeXML/Package/amstext.sty.ltxml... 0.00 sec)
(Loading /usr/share/perl5/LaTeXML/Package/amsopn.sty.ltxml... 0.00 sec) 0.02 sec) 0.04 sec)
(Loading /usr/share/perl5/LaTeXML/Package/amsthm.sty.ltxml... 0.00 sec)
(Loading /usr/share/perl5/LaTeXML/Package/amssymb.sty.ltxml...
(Loading /usr/share/perl5/LaTeXML/Package/amsfonts.sty.ltxml... 0.00 sec) 0.01 sec)
(Loading /usr/share/perl5/LaTeXML/Package/bm.sty.ltxml... 0.00 sec)
(Loading /usr/share/perl5/LaTeXML/Package/array.sty.ltxml... 0.00 sec)
(Loading /usr/share/perl5/LaTeXML/Package/tabularx.sty.ltxml... 0.00 sec)
(Loading /usr/share/perl5/LaTeXML/Package/booktabs.sty.ltxml... 0.00 sec)
(Loading /usr/share/perl5/LaTeXML/Package/wrapfig.sty.ltxml... 0.00 sec)
(Loading /usr/share/perl5/LaTeXML/Package/float.sty.ltxml... 0.00 sec)
(Loading /usr/share/perl5/LaTeXML/Package/caption.sty.ltxml... 0.00 sec)
(Loading /usr/share/perl5/LaTeXML/Package/cleveref.sty.ltxml...
(Processing definitions /usr/share/texlive/texmf-dist/tex/latex/cleveref/cleveref.sty...
Info:latex:(cleveref)  Package cleveref Info: `hyperref' support loaded        
	at cleveref.sty; line 2370 col 1 - line 2370 col 1
Info:latex:(cleveref)  Package cleveref Info: `amsthm' support loaded        
	at cleveref.sty; line 3026 col 3 - line 3026 col 3
 0.73 sec) 0.73 sec)
(Loading /usr/share/perl5/LaTeXML/Package/multirow.sty.ltxml... 0.00 sec)
(Loading /usr/share/perl5/LaTeXML/Package/fancyhdr.sty.ltxml... 0.00 sec)
Info:latex:(csquotes)  Package csquotes Info: Checking for multilingual support..    
	at main.tex; line 218 col 0 - line 218 col 16
Info:latex:(csquotes)  Package csquotes Info: ... found 'babel' package    
	at main.tex; line 218 col 0 - line 218 col 16
Info:latex:(csquotes)  Package csquotes Info: Adjusting default style    
	at main.tex; line 218 col 0 - line 218 col 16
Info:latex:(csquotes)  Package csquotes Info: Redefining alias 'default' -> 'spanish'    
	at main.tex; line 218 col 0 - line 218 col 16
(Processing content /home/diego/md-2324/clase1.tex... 5.97 sec) 12.00 sec) 12.06 sec)
(Building...
(Loading RelaxNG bookml/schema...
(Loading RelaxNG schema from bookml/schema.rng... 0.05 sec) 0.11 sec)
(BookML images...
Calling latexmk -output-format=dvi -interaction=nonstopmode -halt-on-error -output-directory=bmlimages/main -usepretex=\PassOptionsToPackage{_bmlimages}{bookml/bookml}\makeatletter\let\bml@dcl@ss\documentclass\renewcommand{\documentclass}[1][]{\def\bml@dcl@ss@pts{#1}\let\documentclass\bml@dcl@ss\ifx\bml@dcl@ss@pts\@empty\def\bml@dcl@ss@{\documentclass[dvisvgm,hypertex]}\else\def\bml@dcl@ss@{\documentclass[dvisvgm,hypertex,#1]}\fi\bml@dcl@ss@}\makeatother -jobname=main /home/diego/md-2324/main.tex
Logs in bmlimages/main/main.log
 Rc files read:
   /etc/LatexMk
 Latexmk: This is Latexmk, John Collins, 7 Jan. 2023. Version 4.79.
 Latexmk: applying rule 'latex'...
 Rule 'latex':  Reasons for rerun
 Changed files or newly in use/created:
   /home/diego/md-2324/main.tex
   main.tex
 Category 'changed_user':
   /home/diego/md-2324/main.tex
   main.tex
 
 ------------
 Run number 1 of rule 'latex'
 ------------
 ------------
 Running 'latex  -interaction=nonstopmode -halt-on-error -recorder --jobname="main" -output-directory="bmlimages/main"  "\PassOptionsToPackage{_bmlimages}{bookml/bookml}\makeatletter\let\bml@dcl@ss\documentclass\renewcommand{\documentclass}[1][]{\def\bml@dcl@ss@pts{#1}\let\documentclass\bml@dcl@ss\ifx\bml@dcl@ss@pts\@empty\def\bml@dcl@ss@{\documentclass[dvisvgm,hypertex]}\else\def\bml@dcl@ss@{\documentclass[dvisvgm,hypertex,#1]}\fi\bml@dcl@ss@}\makeatother\input{/home/diego/md-2324/main.tex}"'
 ------------
 This is pdfTeX, Version 3.141592653-2.6-1.40.24 (TeX Live 2022/Debian) (preloaded format=latex)
  restricted \write18 enabled.
 entering extended mode
 LaTeX2e <2022-11-01> patch level 1
 L3 programming layer <2023-01-16> (/home/diego/md-2324/main.tex
 (/usr/share/texlive/texmf-dist/tex/latex/base/article.cls
 Document Class: article 2022/07/02 v1.4n Standard LaTeX document class
 (/usr/share/texlive/texmf-dist/tex/latex/base/size12.clo)) (./bookml/bookml.sty
 (/usr/share/texmf/tex/latex/latexml/latexml.sty
 (/usr/share/texlive/texmf-dist/tex/latex/url/url.sty)
 (/usr/share/texlive/texmf-dist/tex/latex/comment/comment.sty
 Excluding comment 'comment') Excluding comment 'lxNavbar'
 Excluding comment 'lxHeader' Excluding comment 'lxFooter')
 (/usr/share/texmf/tex/latex/preview/preview.sty
 (/usr/share/texlive/texmf-dist/tex/generic/luatex85/luatex85.sty)
 (/usr/share/texmf/tex/latex/preview/prtightpage.def)))
 (/usr/share/texlive/texmf-dist/tex/generic/babel/babel.sty
 (/usr/share/texlive/texmf-dist/tex/generic/babel/txtbabel.def)
 (/usr/share/texlive/texmf-dist/tex/generic/babel-spanish/spanish.ldf))
 (/usr/share/texlive/texmf-dist/tex/generic/babel/locale/es/babel-spanish.tex)
 (/usr/share/texlive/texmf-dist/tex/latex/cancel/cancel.sty)
 (/usr/share/texlive/texmf-dist/tex/latex/graphics/color.sty
 (/usr/share/texlive/texmf-dist/tex/latex/graphics-cfg/color.cfg)
 (/usr/share/texlive/texmf-dist/tex/latex/graphics-def/dvisvgm.def)
 (/usr/share/texlive/texmf-dist/tex/latex/graphics/dvipsnam.def)
 (/usr/share/texlive/texmf-dist/tex/latex/graphics/mathcolor.ltx))
 (/usr/share/texlive/texmf-dist/tex/latex/hyperref/hyperref.sty
 (/usr/share/texlive/texmf-dist/tex/generic/ltxcmds/ltxcmds.sty)
 (/usr/share/texlive/texmf-dist/tex/generic/iftex/iftex.sty)
 (/usr/share/texlive/texmf-dist/tex/generic/pdftexcmds/pdftexcmds.sty
 (/usr/share/texlive/texmf-dist/tex/generic/infwarerr/infwarerr.sty))
 (/usr/share/texlive/texmf-dist/tex/latex/graphics/keyval.sty)
 (/usr/share/texlive/texmf-dist/tex/latex/kvsetkeys/kvsetkeys.sty)
 (/usr/share/texlive/texmf-dist/tex/generic/kvdefinekeys/kvdefinekeys.sty)
 (/usr/share/texlive/texmf-dist/tex/generic/pdfescape/pdfescape.sty)
 (/usr/share/texlive/texmf-dist/tex/latex/hycolor/hycolor.sty)
 (/usr/share/texlive/texmf-dist/tex/latex/letltxmacro/letltxmacro.sty)
 (/usr/share/texlive/texmf-dist/tex/latex/auxhook/auxhook.sty)
 (/usr/share/texlive/texmf-dist/tex/latex/hyperref/nameref.sty
 (/usr/share/texlive/texmf-dist/tex/latex/refcount/refcount.sty)
 (/usr/share/texlive/texmf-dist/tex/generic/gettitlestring/gettitlestring.sty
 (/usr/share/texlive/texmf-dist/tex/latex/kvoptions/kvoptions.sty)))
 (/usr/share/texlive/texmf-dist/tex/latex/hyperref/pd1enc.def)
 (/usr/share/texlive/texmf-dist/tex/generic/intcalc/intcalc.sty)
 (/usr/share/texlive/texmf-dist/tex/generic/etexcmds/etexcmds.sty)
 (/usr/share/texlive/texmf-dist/tex/latex/hyperref/puenc.def)
 (/usr/share/texlive/texmf-dist/tex/generic/bitset/bitset.sty
 (/usr/share/texlive/texmf-dist/tex/generic/bigintcalc/bigintcalc.sty))
 (/usr/share/texlive/texmf-dist/tex/latex/base/atbegshi-ltx.sty))
 (/usr/share/texlive/texmf-dist/tex/latex/hyperref/hypertex.def)
 (/usr/share/texlive/texmf-dist/tex/latex/doclicense/doclicense.sty
 (/usr/share/texlive/texmf-dist/tex/latex/xifthen/xifthen.sty
 (/usr/share/texlive/texmf-dist/tex/latex/tools/calc.sty)
 (/usr/share/texlive/texmf-dist/tex/latex/base/ifthen.sty)
 (/usr/share/texlive/texmf-dist/tex/latex/ifmtarg/ifmtarg.sty))
 (/usr/share/texlive/texmf-dist/tex/generic/xstring/xstring.sty
 (/usr/share/texlive/texmf-dist/tex/generic/xstring/xstring.tex))
 (/usr/share/texlive/texmf-dist/tex/latex/etoolbox/etoolbox.sty)
 (/usr/share/texlive/texmf-dist/tex/latex/tools/xspace.sty)
 (/usr/share/texlive/texmf-dist/tex/latex/tools/verbatim.sty)
 (/usr/share/texlive/texmf-dist/tex/latex/hyperxmp/hyperxmp.sty
 (/usr/share/texlive/texmf-dist/tex/generic/stringenc/stringenc.sty)
 (/usr/share/texlive/texmf-dist/tex/latex/oberdiek/ifdraft.sty)
 (/usr/share/texlive/texmf-dist/tex/latex/totpages/totpages.sty
 (/usr/share/texlive/texmf-dist/tex/latex/everyshi/everyshi.sty))
 (/usr/share/texlive/texmf-dist/tex/generic/iftex/ifluatex.sty))
 (/usr/share/texlive/texmf-dist/tex/latex/doclicense/doclicense-spanish.ldf))
 (/usr/share/texlive/texmf-dist/tex/latex/xcolor/xcolor.sty
 (/usr/share/texlive/texmf-dist/tex/latex/graphics-cfg/color.cfg)
 (/usr/share/texlive/texmf-dist/tex/latex/graphics/mathcolor.ltx)
 (/usr/share/texlive/texmf-dist/tex/latex/graphics/dvipsnam.def))
 (/usr/share/texlive/texmf-dist/tex/latex/base/fontenc.sty)
 (/usr/share/texmf/tex/latex/lm/lmodern.sty)
 (/usr/share/texlive/texmf-dist/tex/latex/jknapltx/mathrsfs.sty)
 (/usr/share/texlive/texmf-dist/tex/latex/enumitem/enumitem.sty)
 (/usr/share/texlive/texmf-dist/tex/latex/mathtools/mathtools.sty
 (/usr/share/texlive/texmf-dist/tex/latex/mathtools/mhsetup.sty)
 (/usr/share/texlive/texmf-dist/tex/latex/amsmath/amsmath.sty
 For additional information on amsmath, use the `?' option.
 (/usr/share/texlive/texmf-dist/tex/latex/amsmath/amstext.sty
 (/usr/share/texlive/texmf-dist/tex/latex/amsmath/amsgen.sty))
 (/usr/share/texlive/texmf-dist/tex/latex/amsmath/amsbsy.sty)
 (/usr/share/texlive/texmf-dist/tex/latex/amsmath/amsopn.sty)))
 (/usr/share/texlive/texmf-dist/tex/latex/amscls/amsthm.sty)
 (/usr/share/texlive/texmf-dist/tex/latex/amsfonts/amssymb.sty
 (/usr/share/texlive/texmf-dist/tex/latex/amsfonts/amsfonts.sty))
 (/usr/share/texlive/texmf-dist/tex/latex/tools/bm.sty)
 (/usr/share/texlive/texmf-dist/tex/latex/tools/array.sty)
 (/usr/share/texlive/texmf-dist/tex/latex/tools/tabularx.sty)
 (/usr/share/texlive/texmf-dist/tex/latex/booktabs/booktabs.sty)
 (/usr/share/texlive/texmf-dist/tex/latex/graphics/graphicx.sty
 (/usr/share/texlive/texmf-dist/tex/latex/graphics/graphics.sty
 (/usr/share/texlive/texmf-dist/tex/latex/graphics/trig.sty)
 (/usr/share/texlive/texmf-dist/tex/latex/graphics-cfg/graphics.cfg)))
 (/usr/share/texlive/texmf-dist/tex/latex/wrapfig/wrapfig.sty)
 (/usr/share/texlive/texmf-dist/tex/latex/float/float.sty)
 (/usr/share/texlive/texmf-dist/tex/latex/caption/caption.sty
 (/usr/share/texlive/texmf-dist/tex/latex/caption/caption3.sty))
 (/usr/share/texlive/texmf-dist/tex/latex/cleveref/cleveref.sty)
 (/usr/share/texlive/texmf-dist/tex/latex/multirow/multirow.sty)
 (/usr/share/texlive/texmf-dist/tex/latex/pgf/frontendlayer/tikz.sty
 (/usr/share/texlive/texmf-dist/tex/latex/pgf/basiclayer/pgf.sty
 (/usr/share/texlive/texmf-dist/tex/latex/pgf/utilities/pgfrcs.sty
 (/usr/share/texlive/texmf-dist/tex/generic/pgf/utilities/pgfutil-common.tex)
 (/usr/share/texlive/texmf-dist/tex/generic/pgf/utilities/pgfutil-latex.def)
 (/usr/share/texlive/texmf-dist/tex/generic/pgf/utilities/pgfrcs.code.tex
 (/usr/share/texlive/texmf-dist/tex/generic/pgf/pgf.revision.tex)))
 (/usr/share/texlive/texmf-dist/tex/latex/pgf/basiclayer/pgfcore.sty
 (/usr/share/texlive/texmf-dist/tex/latex/pgf/systemlayer/pgfsys.sty
 (/usr/share/texlive/texmf-dist/tex/generic/pgf/systemlayer/pgfsys.code.tex
 (/usr/share/texlive/texmf-dist/tex/generic/pgf/utilities/pgfkeys.code.tex
 (/usr/share/texlive/texmf-dist/tex/generic/pgf/utilities/pgfkeyslibraryfiltered
 .code.tex)) (/usr/share/texlive/texmf-dist/tex/generic/pgf/systemlayer/pgf.cfg)
 (/usr/share/texlive/texmf-dist/tex/generic/pgf/systemlayer/pgfsys-dvisvgm.def
 (/usr/share/texlive/texmf-dist/tex/generic/pgf/systemlayer/pgfsys-common-svg.de
 f)))
 (/usr/share/texlive/texmf-dist/tex/generic/pgf/systemlayer/pgfsyssoftpath.code.
 tex)
 (/usr/share/texlive/texmf-dist/tex/generic/pgf/systemlayer/pgfsysprotocol.code.
 tex))
 (/usr/share/texlive/texmf-dist/tex/generic/pgf/basiclayer/pgfcore.code.tex
 (/usr/share/texlive/texmf-dist/tex/generic/pgf/math/pgfmath.code.tex
 (/usr/share/texlive/texmf-dist/tex/generic/pgf/math/pgfmathutil.code.tex)
 (/usr/share/texlive/texmf-dist/tex/generic/pgf/math/pgfmathparser.code.tex)
 (/usr/share/texlive/texmf-dist/tex/generic/pgf/math/pgfmathfunctions.code.tex)
 (/usr/share/texlive/texmf-dist/tex/generic/pgf/math/pgfmathfunctions.basic.code
 .tex)
 (/usr/share/texlive/texmf-dist/tex/generic/pgf/math/pgfmathfunctions.trigonomet
 ric.code.tex)
 (/usr/share/texlive/texmf-dist/tex/generic/pgf/math/pgfmathfunctions.random.cod
 e.tex)
 (/usr/share/texlive/texmf-dist/tex/generic/pgf/math/pgfmathfunctions.comparison
 .code.tex)
 (/usr/share/texlive/texmf-dist/tex/generic/pgf/math/pgfmathfunctions.base.code.
 tex)
 (/usr/share/texlive/texmf-dist/tex/generic/pgf/math/pgfmathfunctions.round.code
 .tex)
 (/usr/share/texlive/texmf-dist/tex/generic/pgf/math/pgfmathfunctions.misc.code.
 tex)
 (/usr/share/texlive/texmf-dist/tex/generic/pgf/math/pgfmathfunctions.integerari
 thmetics.code.tex)
 (/usr/share/texlive/texmf-dist/tex/generic/pgf/math/pgfmathcalc.code.tex)
 (/usr/share/texlive/texmf-dist/tex/generic/pgf/math/pgfmathfloat.code.tex))
 (/usr/share/texlive/texmf-dist/tex/generic/pgf/math/pgfint.code.tex)
 (/usr/share/texlive/texmf-dist/tex/generic/pgf/basiclayer/pgfcorepoints.code.te
 x)
 (/usr/share/texlive/texmf-dist/tex/generic/pgf/basiclayer/pgfcorepathconstruct.
 code.tex)
 (/usr/share/texlive/texmf-dist/tex/generic/pgf/basiclayer/pgfcorepathusage.code
 .tex)
 (/usr/share/texlive/texmf-dist/tex/generic/pgf/basiclayer/pgfcorescopes.code.te
 x)
 (/usr/share/texlive/texmf-dist/tex/generic/pgf/basiclayer/pgfcoregraphicstate.c
 ode.tex)
 (/usr/share/texlive/texmf-dist/tex/generic/pgf/basiclayer/pgfcoretransformation
 s.code.tex)
 (/usr/share/texlive/texmf-dist/tex/generic/pgf/basiclayer/pgfcorequick.code.tex
 )
 (/usr/share/texlive/texmf-dist/tex/generic/pgf/basiclayer/pgfcoreobjects.code.t
 ex)
 (/usr/share/texlive/texmf-dist/tex/generic/pgf/basiclayer/pgfcorepathprocessing
 .code.tex)
 (/usr/share/texlive/texmf-dist/tex/generic/pgf/basiclayer/pgfcorearrows.code.te
 x)
 (/usr/share/texlive/texmf-dist/tex/generic/pgf/basiclayer/pgfcoreshade.code.tex
 )
 (/usr/share/texlive/texmf-dist/tex/generic/pgf/basiclayer/pgfcoreimage.code.tex
 )
 (/usr/share/texlive/texmf-dist/tex/generic/pgf/basiclayer/pgfcoreexternal.code.
 tex)
 (/usr/share/texlive/texmf-dist/tex/generic/pgf/basiclayer/pgfcorelayers.code.te
 x)
 (/usr/share/texlive/texmf-dist/tex/generic/pgf/basiclayer/pgfcoretransparency.c
 ode.tex)
 (/usr/share/texlive/texmf-dist/tex/generic/pgf/basiclayer/pgfcorepatterns.code.
 tex)
 (/usr/share/texlive/texmf-dist/tex/generic/pgf/basiclayer/pgfcorerdf.code.tex))
 )
 (/usr/share/texlive/texmf-dist/tex/generic/pgf/modules/pgfmoduleshapes.code.tex
 ) (/usr/share/texlive/texmf-dist/tex/generic/pgf/modules/pgfmoduleplot.code.tex
 )
 (/usr/share/texlive/texmf-dist/tex/latex/pgf/compatibility/pgfcomp-version-0-65
 .sty)
 (/usr/share/texlive/texmf-dist/tex/latex/pgf/compatibility/pgfcomp-version-1-18
 .sty)) (/usr/share/texlive/texmf-dist/tex/latex/pgf/utilities/pgffor.sty
 (/usr/share/texlive/texmf-dist/tex/latex/pgf/utilities/pgfkeys.sty
 (/usr/share/texlive/texmf-dist/tex/generic/pgf/utilities/pgfkeys.code.tex))
 (/usr/share/texlive/texmf-dist/tex/latex/pgf/math/pgfmath.sty
 (/usr/share/texlive/texmf-dist/tex/generic/pgf/math/pgfmath.code.tex))
 (/usr/share/texlive/texmf-dist/tex/generic/pgf/utilities/pgffor.code.tex))
 (/usr/share/texlive/texmf-dist/tex/generic/pgf/frontendlayer/tikz/tikz.code.tex
 
 (/usr/share/texlive/texmf-dist/tex/generic/pgf/libraries/pgflibraryplothandlers
 .code.tex)
 (/usr/share/texlive/texmf-dist/tex/generic/pgf/modules/pgfmodulematrix.code.tex
 )
 (/usr/share/texlive/texmf-dist/tex/generic/pgf/frontendlayer/tikz/libraries/tik
 zlibrarytopaths.code.tex)))
 (/usr/share/texlive/texmf-dist/tex/generic/tikz-cd/tikzlibrarycd.code.tex
 (/usr/share/texlive/texmf-dist/tex/generic/pgf/frontendlayer/tikz/libraries/tik
 zlibrarymatrix.code.tex)
 (/usr/share/texlive/texmf-dist/tex/generic/pgf/frontendlayer/tikz/libraries/tik
 zlibraryquotes.code.tex)
 (/usr/share/texlive/texmf-dist/tex/generic/pgf/libraries/pgflibraryarrows.meta.
 code.tex)) (/usr/share/texlive/texmf-dist/tex/latex/animate/animate.sty
 (/usr/share/texlive/texmf-dist/tex/latex/oberdiek/ifdraft.sty)
 (/usr/share/texlive/texmf-dist/tex/latex/media9/pdfbase.sty
 (/usr/share/texlive/texmf-dist/tex/latex/l3backend/l3backend-dvisvgm.def))
 (/usr/share/texlive/texmf-dist/tex/latex/zref/zref-abspage.sty
 (/usr/share/texlive/texmf-dist/tex/latex/zref/zref-base.sty)))
 (/usr/share/texlive/texmf-dist/tex/latex/fancyhdr/fancyhdr.sty)
 (/usr/share/texlive/texmf-dist/tex/latex/ccicons/ccicons.sty
 (/usr/share/texlive/texmf-dist/tex/latex/xkeyval/xkeyval.sty
 (/usr/share/texlive/texmf-dist/tex/generic/xkeyval/xkeyval.tex
 (/usr/share/texlive/texmf-dist/tex/generic/xkeyval/xkvutils.tex))))
 (/usr/share/texlive/texmf-dist/tex/latex/csquotes/csquotes.sty
 (/usr/share/texlive/texmf-dist/tex/latex/csquotes/csquotes.def)
 (/usr/share/texlive/texmf-dist/tex/latex/csquotes/csquotes.cfg))
 
 Package hyperxmp Warning: Suppressing the _entire_ PDF Info dictionary.
 (hyperxmp)                Please notify the hyperxmp maintainer.
 
 
 Package hyperref Warning: Token not allowed in a PDF string (Unicode):
 (hyperref)                removing `\\' on input line 218.
 
 
 Package hyperref Warning: Token not allowed in a PDF string (Unicode):
 (hyperref)                removing `\\' on input line 218.
 
 
 Package hyperref Warning: Token not allowed in a PDF string (Unicode):
 (hyperref)                removing `\\' on input line 218.
 
 
 Package hyperref Warning: Token not allowed in a PDF string (Unicode):
 (hyperref)                removing `\\' on input line 218.
 
 
 Package hyperref Warning: Token not allowed in a PDF string (Unicode):
 (hyperref)                removing `\\' on input line 218.
 
 
 Package hyperref Warning: Token not allowed in a PDF string (Unicode):
 (hyperref)                removing `\\' on input line 218.
 
 (/usr/share/texmf/tex/latex/lm/t1lmr.fd) (bmlimages/main/main.aux)
 Preview: Fontsize 12pt
 (/usr/share/texmf/tex/latex/lm/ot1lmr.fd)
 (/usr/share/texmf/tex/latex/lm/omllmm.fd)
 (/usr/share/texmf/tex/latex/lm/omslmsy.fd)
 (/usr/share/texmf/tex/latex/lm/omxlmex.fd)
 (/usr/share/texlive/texmf-dist/tex/latex/jknapltx/ursfs.fd)
 (/usr/share/texlive/texmf-dist/tex/latex/amsfonts/umsa.fd)
 (/usr/share/texlive/texmf-dist/tex/latex/amsfonts/umsb.fd)
 Preview: Tightpage -32891 -32891 32891 32891
 [1.1] (bmlimages/main/main.toc) (/usr/share/texmf/tex/latex/lm/ts1lmr.fd)
 (/usr/share/texmf/tex/latex/lm/t1lmtt.fd) (./clase1.tex
 Overfull \hbox (14.64896pt too wide) in paragraph at lines 88--89
 []\T1/lmr/m/n/12 Como $\OML/lmm/m/it/12 A$ \T1/lmr/m/n/12 es fi-ni-to el con-ju
 n-to de to-dos los nu-me-ros pri-mos es $\OML/lmm/m/it/12 A \OT1/lmr/m/n/12 = \
 OMS/lmsy/m/n/12 f\OML/lmm/m/it/12 p[]; p[]; [] ; p[]\OMS/lmsy/m/n/12 g$\T1/lmr/
 m/n/12 .
 
 LaTeX Warning: Reference `unicidadtfund' on page 11 undefined on input line 340
 .
 
 
 Overfull \hbox (5.33804pt too wide) in paragraph at lines 617--618
 []\T1/lmr/bx/n/12 Definición 6.6. []\T1/lmr/m/n/12 Una per-mu-ta-cion con re-pe
 -ti-cion de $\OML/lmm/m/it/12 n$ \T1/lmr/m/n/12 ele-men-tos $\OML/lmm/m/it/12 a
 []; a[]; [] ; a[]$
 
 Overfull \hbox (18.16774pt too wide) in paragraph at lines 652--653
 []\T1/lmr/m/n/12 De cuan-tas for-mas se pue-den ele-gir los hue-cos de los se-p
 a-ra-do-res? $[] \OT1/lmr/m/n/12 =
 
 LaTeX Warning: Reference `tfundaritmetica' on page 26 undefined on input line 1
 019.
 
 
 LaTeX Warning: Reference `infinitosprimos' on page 26 undefined on input line 1
 028.
 
 
 LaTeX Warning: Reference `mcd' on page 28 undefined on input line 1145.
 
 
 LaTeX Warning: Reference `mcd1' on page 32 undefined on input line 1355.
 
 
 Overfull \hbox (3.2797pt too wide) in paragraph at lines 1372--1373
 []\T1/lmr/m/n/12 Queremos pro-bar que $[]\OT1/lmr/m/n/12 ([]\OML/lmm/m/it/12 ; 
 []\OT1/lmr/m/n/12 ) = 1$ \T1/lmr/m/n/12 don-de $\OML/lmm/m/it/12 d \OT1/lmr/m/n
 /12 = [](\OML/lmm/m/it/12 a; b\OT1/lmr/m/n/12 )$\T1/lmr/m/n/12 . 
 
 LaTeX Warning: Reference `mcd1' on page 34 undefined on input line 1445.
 
 
 LaTeX Warning: Reference `congruencia' on page 36 undefined on input line 1586.
 
 
 
 Overfull \hbox (39.38385pt too wide) in paragraph at lines 1810--1811
 \OT1/lmr/m/n/12 24 \OMS/lmsy/m/n/12 ^^Q \OT1/lmr/m/n/12 0[]8\OML/lmm/m/it/12 ; 
 \OT1/lmr/m/n/12 6 \OMS/lmsy/m/n/12 ^^A \OT1/lmr/m/n/12 5 = 30 \OMS/lmsy/m/n/12 
 ^^Q \OT1/lmr/m/n/12 7[]8\OML/lmm/m/it/12 ; \OT1/lmr/m/n/12 6 \OMS/lmsy/m/n/12 ^
 ^A \OT1/lmr/m/n/12 6 = 36 \OMS/lmsy/m/n/12 ^^Q \OT1/lmr/m/n/12 4[]8\OML/lmm/m/i
 t/12 ; []$ 
 
 Overfull \hbox (24.16817pt too wide) in paragraph at lines 1962--1963
 \T1/lmr/m/n/12 mos dos a dos, te-ne-mos que $[]\OT1/lmr/m/n/12 (\OML/lmm/m/it/1
 2 Q[]; n[]\OT1/lmr/m/n/12 ) = 1 \OMS/lmsy/m/n/12 ) \OML/lmm/m/it/12 Q[] \OMS/lm
 sy/m/n/12 ^^A \OML/lmm/m/it/12 y \OMS/lmsy/m/n/12 ^^Q \OT1/lmr/m/n/12 1[]\OML/l
 mm/m/it/12 n[][]$\T1/lmr/m/n/12 . 
 
 Overfull \hbox (8.18481pt too wide) in paragraph at lines 1992--1993
 []\T1/lmr/m/n/12 Sean $\OML/lmm/m/it/12 x[]$ \T1/lmr/m/n/12 una so-lu-cion par-
 ti-cu-lar y $\OML/lmm/m/it/12 x[]$ \T1/lmr/m/n/12 otra so-lu-cion cual-quie-ra 
 $\OMS/lmsy/m/n/12 ) \OML/lmm/m/it/12 x[] \OMS/lmsy/m/n/12 ^^Q \OML/lmm/m/it/12 
 a[][]n[]$
 [2.2]
 
 LaTeX Warning: Reference `euler' on page 46 undefined on input line 2147.
 
 [3.3]
 
 LaTeX Font Warning: Command \large invalid in math mode on input line 2248.
 
 [4.4] [5.5]
 Overfull \hbox (19.36385pt too wide) in paragraph at lines 2330--2331
 []\T1/lmr/m/n/12 Matriz de ad-ya-cen-cia: Si de-no-ta-mos $\OML/lmm/m/it/12 V[]
  \OT1/lmr/m/n/12 = \OMS/lmsy/m/n/12 f\OML/lmm/m/it/12 v[]; [] ; v[]\OMS/lmsy/m/
 n/12 g$ \T1/lmr/m/n/12 y $\OML/lmm/m/it/12 V[] \OT1/lmr/m/n/12 = \OMS/lmsy/m/n/
 12 f\OML/lmm/m/it/12 w[]; [] ; w[]\OMS/lmsy/m/n/12 g$\T1/lmr/m/n/12 . 
 [6.6])
 
 Package hyperxmp Warning: `pdfa' was passed to hyperref, but `pdfapart' was
 (hyperxmp)                not specified.  Setting pdfapart to `1' and
 (hyperxmp)                pdfaconformance to `B'.
 
 (/usr/share/texlive/texmf-dist/tex/generic/stringenc/se-utf8.def)
 (/usr/share/texlive/texmf-dist/tex/generic/stringenc/se-pdfdoc.def)
 
 Package hyperxmp Warning: Unrecognized hyperref driver `hypertex'.
 (hyperxmp)                main.tex's XMP metadata will *not* be
 (hyperxmp)                embedded in the resulting file.
 
 
 LaTeX Warning: Hook 'shipout/lastpage' executed on wrong page (5 not 6).
                Rerun to correct this.
 
 (bmlimages/main/main.aux)
 
 LaTeX Warning: There were undefined references.
 
 
 LaTeX Warning: Label(s) may have changed. Rerun to get cross-references right.
 
  )
 (see the transcript file for additional information)
 Output written on bmlimages/main/main.dvi (6 pages, 62512 bytes).
 Transcript written on bmlimages/main/main.log.
 Latexmk: Getting log file 'bmlimages/main/main.log'
 Latexmk: Examining 'bmlimages/main/main.fls'
 Latexmk: Examining 'bmlimages/main/main.log'
 Latexmk: References changed.
 Latexmk: Log file says output to 'bmlimages/main/main.dvi'
 Latexmk: applying rule 'latex'...
 Rule 'latex':  Reasons for rerun
 Changed files or newly in use/created:
   bmlimages/main/main.aux
 
 ------------
 Run number 2 of rule 'latex'
 ------------
 ------------
 Running 'latex  -interaction=nonstopmode -halt-on-error -recorder --jobname="main" -output-directory="bmlimages/main"  "\PassOptionsToPackage{_bmlimages}{bookml/bookml}\makeatletter\let\bml@dcl@ss\documentclass\renewcommand{\documentclass}[1][]{\def\bml@dcl@ss@pts{#1}\let\documentclass\bml@dcl@ss\ifx\bml@dcl@ss@pts\@empty\def\bml@dcl@ss@{\documentclass[dvisvgm,hypertex]}\else\def\bml@dcl@ss@{\documentclass[dvisvgm,hypertex,#1]}\fi\bml@dcl@ss@}\makeatother\input{/home/diego/md-2324/main.tex}"'
 ------------
 This is pdfTeX, Version 3.141592653-2.6-1.40.24 (TeX Live 2022/Debian) (preloaded format=latex)
  restricted \write18 enabled.
 entering extended mode
 LaTeX2e <2022-11-01> patch level 1
 L3 programming layer <2023-01-16> (/home/diego/md-2324/main.tex
 (/usr/share/texlive/texmf-dist/tex/latex/base/article.cls
 Document Class: article 2022/07/02 v1.4n Standard LaTeX document class
 (/usr/share/texlive/texmf-dist/tex/latex/base/size12.clo)) (./bookml/bookml.sty
 (/usr/share/texmf/tex/latex/latexml/latexml.sty
 (/usr/share/texlive/texmf-dist/tex/latex/url/url.sty)
 (/usr/share/texlive/texmf-dist/tex/latex/comment/comment.sty
 Excluding comment 'comment') Excluding comment 'lxNavbar'
 Excluding comment 'lxHeader' Excluding comment 'lxFooter')
 (/usr/share/texmf/tex/latex/preview/preview.sty
 (/usr/share/texlive/texmf-dist/tex/generic/luatex85/luatex85.sty)
 (/usr/share/texmf/tex/latex/preview/prtightpage.def)))
 (/usr/share/texlive/texmf-dist/tex/generic/babel/babel.sty
 (/usr/share/texlive/texmf-dist/tex/generic/babel/txtbabel.def)
 (/usr/share/texlive/texmf-dist/tex/generic/babel-spanish/spanish.ldf))
 (/usr/share/texlive/texmf-dist/tex/generic/babel/locale/es/babel-spanish.tex)
 (/usr/share/texlive/texmf-dist/tex/latex/cancel/cancel.sty)
 (/usr/share/texlive/texmf-dist/tex/latex/graphics/color.sty
 (/usr/share/texlive/texmf-dist/tex/latex/graphics-cfg/color.cfg)
 (/usr/share/texlive/texmf-dist/tex/latex/graphics-def/dvisvgm.def)
 (/usr/share/texlive/texmf-dist/tex/latex/graphics/dvipsnam.def)
 (/usr/share/texlive/texmf-dist/tex/latex/graphics/mathcolor.ltx))
 (/usr/share/texlive/texmf-dist/tex/latex/hyperref/hyperref.sty
 (/usr/share/texlive/texmf-dist/tex/generic/ltxcmds/ltxcmds.sty)
 (/usr/share/texlive/texmf-dist/tex/generic/iftex/iftex.sty)
 (/usr/share/texlive/texmf-dist/tex/generic/pdftexcmds/pdftexcmds.sty
 (/usr/share/texlive/texmf-dist/tex/generic/infwarerr/infwarerr.sty))
 (/usr/share/texlive/texmf-dist/tex/latex/graphics/keyval.sty)
 (/usr/share/texlive/texmf-dist/tex/latex/kvsetkeys/kvsetkeys.sty)
 (/usr/share/texlive/texmf-dist/tex/generic/kvdefinekeys/kvdefinekeys.sty)
 (/usr/share/texlive/texmf-dist/tex/generic/pdfescape/pdfescape.sty)
 (/usr/share/texlive/texmf-dist/tex/latex/hycolor/hycolor.sty)
 (/usr/share/texlive/texmf-dist/tex/latex/letltxmacro/letltxmacro.sty)
 (/usr/share/texlive/texmf-dist/tex/latex/auxhook/auxhook.sty)
 (/usr/share/texlive/texmf-dist/tex/latex/hyperref/nameref.sty
 (/usr/share/texlive/texmf-dist/tex/latex/refcount/refcount.sty)
 (/usr/share/texlive/texmf-dist/tex/generic/gettitlestring/gettitlestring.sty
 (/usr/share/texlive/texmf-dist/tex/latex/kvoptions/kvoptions.sty)))
 (/usr/share/texlive/texmf-dist/tex/latex/hyperref/pd1enc.def)
 (/usr/share/texlive/texmf-dist/tex/generic/intcalc/intcalc.sty)
 (/usr/share/texlive/texmf-dist/tex/generic/etexcmds/etexcmds.sty)
 (/usr/share/texlive/texmf-dist/tex/latex/hyperref/puenc.def)
 (/usr/share/texlive/texmf-dist/tex/generic/bitset/bitset.sty
 (/usr/share/texlive/texmf-dist/tex/generic/bigintcalc/bigintcalc.sty))
 (/usr/share/texlive/texmf-dist/tex/latex/base/atbegshi-ltx.sty))
 (/usr/share/texlive/texmf-dist/tex/latex/hyperref/hypertex.def)
 (/usr/share/texlive/texmf-dist/tex/latex/doclicense/doclicense.sty
 (/usr/share/texlive/texmf-dist/tex/latex/xifthen/xifthen.sty
 (/usr/share/texlive/texmf-dist/tex/latex/tools/calc.sty)
 (/usr/share/texlive/texmf-dist/tex/latex/base/ifthen.sty)
 (/usr/share/texlive/texmf-dist/tex/latex/ifmtarg/ifmtarg.sty))
 (/usr/share/texlive/texmf-dist/tex/generic/xstring/xstring.sty
 (/usr/share/texlive/texmf-dist/tex/generic/xstring/xstring.tex))
 (/usr/share/texlive/texmf-dist/tex/latex/etoolbox/etoolbox.sty)
 (/usr/share/texlive/texmf-dist/tex/latex/tools/xspace.sty)
 (/usr/share/texlive/texmf-dist/tex/latex/tools/verbatim.sty)
 (/usr/share/texlive/texmf-dist/tex/latex/hyperxmp/hyperxmp.sty
 (/usr/share/texlive/texmf-dist/tex/generic/stringenc/stringenc.sty)
 (/usr/share/texlive/texmf-dist/tex/latex/oberdiek/ifdraft.sty)
 (/usr/share/texlive/texmf-dist/tex/latex/totpages/totpages.sty
 (/usr/share/texlive/texmf-dist/tex/latex/everyshi/everyshi.sty))
 (/usr/share/texlive/texmf-dist/tex/generic/iftex/ifluatex.sty))
 (/usr/share/texlive/texmf-dist/tex/latex/doclicense/doclicense-spanish.ldf))
 (/usr/share/texlive/texmf-dist/tex/latex/xcolor/xcolor.sty
 (/usr/share/texlive/texmf-dist/tex/latex/graphics-cfg/color.cfg)
 (/usr/share/texlive/texmf-dist/tex/latex/graphics/mathcolor.ltx)
 (/usr/share/texlive/texmf-dist/tex/latex/graphics/dvipsnam.def))
 (/usr/share/texlive/texmf-dist/tex/latex/base/fontenc.sty)
 (/usr/share/texmf/tex/latex/lm/lmodern.sty)
 (/usr/share/texlive/texmf-dist/tex/latex/jknapltx/mathrsfs.sty)
 (/usr/share/texlive/texmf-dist/tex/latex/enumitem/enumitem.sty)
 (/usr/share/texlive/texmf-dist/tex/latex/mathtools/mathtools.sty
 (/usr/share/texlive/texmf-dist/tex/latex/mathtools/mhsetup.sty)
 (/usr/share/texlive/texmf-dist/tex/latex/amsmath/amsmath.sty
 For additional information on amsmath, use the `?' option.
 (/usr/share/texlive/texmf-dist/tex/latex/amsmath/amstext.sty
 (/usr/share/texlive/texmf-dist/tex/latex/amsmath/amsgen.sty))
 (/usr/share/texlive/texmf-dist/tex/latex/amsmath/amsbsy.sty)
 (/usr/share/texlive/texmf-dist/tex/latex/amsmath/amsopn.sty)))
 (/usr/share/texlive/texmf-dist/tex/latex/amscls/amsthm.sty)
 (/usr/share/texlive/texmf-dist/tex/latex/amsfonts/amssymb.sty
 (/usr/share/texlive/texmf-dist/tex/latex/amsfonts/amsfonts.sty))
 (/usr/share/texlive/texmf-dist/tex/latex/tools/bm.sty)
 (/usr/share/texlive/texmf-dist/tex/latex/tools/array.sty)
 (/usr/share/texlive/texmf-dist/tex/latex/tools/tabularx.sty)
 (/usr/share/texlive/texmf-dist/tex/latex/booktabs/booktabs.sty)
 (/usr/share/texlive/texmf-dist/tex/latex/graphics/graphicx.sty
 (/usr/share/texlive/texmf-dist/tex/latex/graphics/graphics.sty
 (/usr/share/texlive/texmf-dist/tex/latex/graphics/trig.sty)
 (/usr/share/texlive/texmf-dist/tex/latex/graphics-cfg/graphics.cfg)))
 (/usr/share/texlive/texmf-dist/tex/latex/wrapfig/wrapfig.sty)
 (/usr/share/texlive/texmf-dist/tex/latex/float/float.sty)
 (/usr/share/texlive/texmf-dist/tex/latex/caption/caption.sty
 (/usr/share/texlive/texmf-dist/tex/latex/caption/caption3.sty))
 (/usr/share/texlive/texmf-dist/tex/latex/cleveref/cleveref.sty)
 (/usr/share/texlive/texmf-dist/tex/latex/multirow/multirow.sty)
 (/usr/share/texlive/texmf-dist/tex/latex/pgf/frontendlayer/tikz.sty
 (/usr/share/texlive/texmf-dist/tex/latex/pgf/basiclayer/pgf.sty
 (/usr/share/texlive/texmf-dist/tex/latex/pgf/utilities/pgfrcs.sty
 (/usr/share/texlive/texmf-dist/tex/generic/pgf/utilities/pgfutil-common.tex)
 (/usr/share/texlive/texmf-dist/tex/generic/pgf/utilities/pgfutil-latex.def)
 (/usr/share/texlive/texmf-dist/tex/generic/pgf/utilities/pgfrcs.code.tex
 (/usr/share/texlive/texmf-dist/tex/generic/pgf/pgf.revision.tex)))
 (/usr/share/texlive/texmf-dist/tex/latex/pgf/basiclayer/pgfcore.sty
 (/usr/share/texlive/texmf-dist/tex/latex/pgf/systemlayer/pgfsys.sty
 (/usr/share/texlive/texmf-dist/tex/generic/pgf/systemlayer/pgfsys.code.tex
 (/usr/share/texlive/texmf-dist/tex/generic/pgf/utilities/pgfkeys.code.tex
 (/usr/share/texlive/texmf-dist/tex/generic/pgf/utilities/pgfkeyslibraryfiltered
 .code.tex)) (/usr/share/texlive/texmf-dist/tex/generic/pgf/systemlayer/pgf.cfg)
 (/usr/share/texlive/texmf-dist/tex/generic/pgf/systemlayer/pgfsys-dvisvgm.def
 (/usr/share/texlive/texmf-dist/tex/generic/pgf/systemlayer/pgfsys-common-svg.de
 f)))
 (/usr/share/texlive/texmf-dist/tex/generic/pgf/systemlayer/pgfsyssoftpath.code.
 tex)
 (/usr/share/texlive/texmf-dist/tex/generic/pgf/systemlayer/pgfsysprotocol.code.
 tex))
 (/usr/share/texlive/texmf-dist/tex/generic/pgf/basiclayer/pgfcore.code.tex
 (/usr/share/texlive/texmf-dist/tex/generic/pgf/math/pgfmath.code.tex
 (/usr/share/texlive/texmf-dist/tex/generic/pgf/math/pgfmathutil.code.tex)
 (/usr/share/texlive/texmf-dist/tex/generic/pgf/math/pgfmathparser.code.tex)
 (/usr/share/texlive/texmf-dist/tex/generic/pgf/math/pgfmathfunctions.code.tex)
 (/usr/share/texlive/texmf-dist/tex/generic/pgf/math/pgfmathfunctions.basic.code
 .tex)
 (/usr/share/texlive/texmf-dist/tex/generic/pgf/math/pgfmathfunctions.trigonomet
 ric.code.tex)
 (/usr/share/texlive/texmf-dist/tex/generic/pgf/math/pgfmathfunctions.random.cod
 e.tex)
 (/usr/share/texlive/texmf-dist/tex/generic/pgf/math/pgfmathfunctions.comparison
 .code.tex)
 (/usr/share/texlive/texmf-dist/tex/generic/pgf/math/pgfmathfunctions.base.code.
 tex)
 (/usr/share/texlive/texmf-dist/tex/generic/pgf/math/pgfmathfunctions.round.code
 .tex)
 (/usr/share/texlive/texmf-dist/tex/generic/pgf/math/pgfmathfunctions.misc.code.
 tex)
 (/usr/share/texlive/texmf-dist/tex/generic/pgf/math/pgfmathfunctions.integerari
 thmetics.code.tex)
 (/usr/share/texlive/texmf-dist/tex/generic/pgf/math/pgfmathcalc.code.tex)
 (/usr/share/texlive/texmf-dist/tex/generic/pgf/math/pgfmathfloat.code.tex))
 (/usr/share/texlive/texmf-dist/tex/generic/pgf/math/pgfint.code.tex)
 (/usr/share/texlive/texmf-dist/tex/generic/pgf/basiclayer/pgfcorepoints.code.te
 x)
 (/usr/share/texlive/texmf-dist/tex/generic/pgf/basiclayer/pgfcorepathconstruct.
 code.tex)
 (/usr/share/texlive/texmf-dist/tex/generic/pgf/basiclayer/pgfcorepathusage.code
 .tex)
 (/usr/share/texlive/texmf-dist/tex/generic/pgf/basiclayer/pgfcorescopes.code.te
 x)
 (/usr/share/texlive/texmf-dist/tex/generic/pgf/basiclayer/pgfcoregraphicstate.c
 ode.tex)
 (/usr/share/texlive/texmf-dist/tex/generic/pgf/basiclayer/pgfcoretransformation
 s.code.tex)
 (/usr/share/texlive/texmf-dist/tex/generic/pgf/basiclayer/pgfcorequick.code.tex
 )
 (/usr/share/texlive/texmf-dist/tex/generic/pgf/basiclayer/pgfcoreobjects.code.t
 ex)
 (/usr/share/texlive/texmf-dist/tex/generic/pgf/basiclayer/pgfcorepathprocessing
 .code.tex)
 (/usr/share/texlive/texmf-dist/tex/generic/pgf/basiclayer/pgfcorearrows.code.te
 x)
 (/usr/share/texlive/texmf-dist/tex/generic/pgf/basiclayer/pgfcoreshade.code.tex
 )
 (/usr/share/texlive/texmf-dist/tex/generic/pgf/basiclayer/pgfcoreimage.code.tex
 )
 (/usr/share/texlive/texmf-dist/tex/generic/pgf/basiclayer/pgfcoreexternal.code.
 tex)
 (/usr/share/texlive/texmf-dist/tex/generic/pgf/basiclayer/pgfcorelayers.code.te
 x)
 (/usr/share/texlive/texmf-dist/tex/generic/pgf/basiclayer/pgfcoretransparency.c
 ode.tex)
 (/usr/share/texlive/texmf-dist/tex/generic/pgf/basiclayer/pgfcorepatterns.code.
 tex)
 (/usr/share/texlive/texmf-dist/tex/generic/pgf/basiclayer/pgfcorerdf.code.tex))
 )
 (/usr/share/texlive/texmf-dist/tex/generic/pgf/modules/pgfmoduleshapes.code.tex
 ) (/usr/share/texlive/texmf-dist/tex/generic/pgf/modules/pgfmoduleplot.code.tex
 )
 (/usr/share/texlive/texmf-dist/tex/latex/pgf/compatibility/pgfcomp-version-0-65
 .sty)
 (/usr/share/texlive/texmf-dist/tex/latex/pgf/compatibility/pgfcomp-version-1-18
 .sty)) (/usr/share/texlive/texmf-dist/tex/latex/pgf/utilities/pgffor.sty
 (/usr/share/texlive/texmf-dist/tex/latex/pgf/utilities/pgfkeys.sty
 (/usr/share/texlive/texmf-dist/tex/generic/pgf/utilities/pgfkeys.code.tex))
 (/usr/share/texlive/texmf-dist/tex/latex/pgf/math/pgfmath.sty
 (/usr/share/texlive/texmf-dist/tex/generic/pgf/math/pgfmath.code.tex))
 (/usr/share/texlive/texmf-dist/tex/generic/pgf/utilities/pgffor.code.tex))
 (/usr/share/texlive/texmf-dist/tex/generic/pgf/frontendlayer/tikz/tikz.code.tex
 
 (/usr/share/texlive/texmf-dist/tex/generic/pgf/libraries/pgflibraryplothandlers
 .code.tex)
 (/usr/share/texlive/texmf-dist/tex/generic/pgf/modules/pgfmodulematrix.code.tex
 )
 (/usr/share/texlive/texmf-dist/tex/generic/pgf/frontendlayer/tikz/libraries/tik
 zlibrarytopaths.code.tex)))
 (/usr/share/texlive/texmf-dist/tex/generic/tikz-cd/tikzlibrarycd.code.tex
 (/usr/share/texlive/texmf-dist/tex/generic/pgf/frontendlayer/tikz/libraries/tik
 zlibrarymatrix.code.tex)
 (/usr/share/texlive/texmf-dist/tex/generic/pgf/frontendlayer/tikz/libraries/tik
 zlibraryquotes.code.tex)
 (/usr/share/texlive/texmf-dist/tex/generic/pgf/libraries/pgflibraryarrows.meta.
 code.tex)) (/usr/share/texlive/texmf-dist/tex/latex/animate/animate.sty
 (/usr/share/texlive/texmf-dist/tex/latex/oberdiek/ifdraft.sty)
 (/usr/share/texlive/texmf-dist/tex/latex/media9/pdfbase.sty
 (/usr/share/texlive/texmf-dist/tex/latex/l3backend/l3backend-dvisvgm.def))
 (/usr/share/texlive/texmf-dist/tex/latex/zref/zref-abspage.sty
 (/usr/share/texlive/texmf-dist/tex/latex/zref/zref-base.sty)))
 (/usr/share/texlive/texmf-dist/tex/latex/fancyhdr/fancyhdr.sty)
 (/usr/share/texlive/texmf-dist/tex/latex/ccicons/ccicons.sty
 (/usr/share/texlive/texmf-dist/tex/latex/xkeyval/xkeyval.sty
 (/usr/share/texlive/texmf-dist/tex/generic/xkeyval/xkeyval.tex
 (/usr/share/texlive/texmf-dist/tex/generic/xkeyval/xkvutils.tex))))
 (/usr/share/texlive/texmf-dist/tex/latex/csquotes/csquotes.sty
 (/usr/share/texlive/texmf-dist/tex/latex/csquotes/csquotes.def)
 (/usr/share/texlive/texmf-dist/tex/latex/csquotes/csquotes.cfg))
 
 Package hyperxmp Warning: Suppressing the _entire_ PDF Info dictionary.
 (hyperxmp)                Please notify the hyperxmp maintainer.
 
 
 Package hyperref Warning: Token not allowed in a PDF string (Unicode):
 (hyperref)                removing `\\' on input line 218.
 
 
 Package hyperref Warning: Token not allowed in a PDF string (Unicode):
 (hyperref)                removing `\\' on input line 218.
 
 
 Package hyperref Warning: Token not allowed in a PDF string (Unicode):
 (hyperref)                removing `\\' on input line 218.
 
 
 Package hyperref Warning: Token not allowed in a PDF string (Unicode):
 (hyperref)                removing `\\' on input line 218.
 
 
 Package hyperref Warning: Token not allowed in a PDF string (Unicode):
 (hyperref)                removing `\\' on input line 218.
 
 
 Package hyperref Warning: Token not allowed in a PDF string (Unicode):
 (hyperref)                removing `\\' on input line 218.
 
 (/usr/share/texmf/tex/latex/lm/t1lmr.fd) (bmlimages/main/main.aux)
 Preview: Fontsize 12pt
 (/usr/share/texmf/tex/latex/lm/ot1lmr.fd)
 (/usr/share/texmf/tex/latex/lm/omllmm.fd)
 (/usr/share/texmf/tex/latex/lm/omslmsy.fd)
 (/usr/share/texmf/tex/latex/lm/omxlmex.fd)
 (/usr/share/texlive/texmf-dist/tex/latex/jknapltx/ursfs.fd)
 (/usr/share/texlive/texmf-dist/tex/latex/amsfonts/umsa.fd)
 (/usr/share/texlive/texmf-dist/tex/latex/amsfonts/umsb.fd)
 Preview: Tightpage -32891 -32891 32891 32891
 [1.1] (bmlimages/main/main.toc) (/usr/share/texmf/tex/latex/lm/ts1lmr.fd)
 (/usr/share/texmf/tex/latex/lm/t1lmtt.fd) (./clase1.tex
 Overfull \hbox (14.64896pt too wide) in paragraph at lines 88--89
 []\T1/lmr/m/n/12 Como $\OML/lmm/m/it/12 A$ \T1/lmr/m/n/12 es fi-ni-to el con-ju
 n-to de to-dos los nu-me-ros pri-mos es $\OML/lmm/m/it/12 A \OT1/lmr/m/n/12 = \
 OMS/lmsy/m/n/12 f\OML/lmm/m/it/12 p[]; p[]; [] ; p[]\OMS/lmsy/m/n/12 g$\T1/lmr/
 m/n/12 .
 
 LaTeX Warning: Reference `unicidadtfund' on page 11 undefined on input line 340
 .
 
 
 Overfull \hbox (5.33804pt too wide) in paragraph at lines 617--618
 []\T1/lmr/bx/n/12 Definición 6.6. []\T1/lmr/m/n/12 Una per-mu-ta-cion con re-pe
 -ti-cion de $\OML/lmm/m/it/12 n$ \T1/lmr/m/n/12 ele-men-tos $\OML/lmm/m/it/12 a
 []; a[]; [] ; a[]$
 
 Overfull \hbox (18.16774pt too wide) in paragraph at lines 652--653
 []\T1/lmr/m/n/12 De cuan-tas for-mas se pue-den ele-gir los hue-cos de los se-p
 a-ra-do-res? $[] \OT1/lmr/m/n/12 =
 
 LaTeX Warning: Reference `tfundaritmetica' on page 26 undefined on input line 1
 019.
 
 
 LaTeX Warning: Reference `infinitosprimos' on page 26 undefined on input line 1
 028.
 
 
 LaTeX Warning: Reference `mcd' on page 28 undefined on input line 1145.
 
 
 LaTeX Warning: Reference `mcd1' on page 32 undefined on input line 1355.
 
 
 Overfull \hbox (3.2797pt too wide) in paragraph at lines 1372--1373
 []\T1/lmr/m/n/12 Queremos pro-bar que $[]\OT1/lmr/m/n/12 ([]\OML/lmm/m/it/12 ; 
 []\OT1/lmr/m/n/12 ) = 1$ \T1/lmr/m/n/12 don-de $\OML/lmm/m/it/12 d \OT1/lmr/m/n
 /12 = [](\OML/lmm/m/it/12 a; b\OT1/lmr/m/n/12 )$\T1/lmr/m/n/12 . 
 
 LaTeX Warning: Reference `mcd1' on page 34 undefined on input line 1445.
 
 
 LaTeX Warning: Reference `congruencia' on page 36 undefined on input line 1586.
 
 
 
 Overfull \hbox (39.38385pt too wide) in paragraph at lines 1810--1811
 \OT1/lmr/m/n/12 24 \OMS/lmsy/m/n/12 ^^Q \OT1/lmr/m/n/12 0[]8\OML/lmm/m/it/12 ; 
 \OT1/lmr/m/n/12 6 \OMS/lmsy/m/n/12 ^^A \OT1/lmr/m/n/12 5 = 30 \OMS/lmsy/m/n/12 
 ^^Q \OT1/lmr/m/n/12 7[]8\OML/lmm/m/it/12 ; \OT1/lmr/m/n/12 6 \OMS/lmsy/m/n/12 ^
 ^A \OT1/lmr/m/n/12 6 = 36 \OMS/lmsy/m/n/12 ^^Q \OT1/lmr/m/n/12 4[]8\OML/lmm/m/i
 t/12 ; []$ 
 
 Overfull \hbox (24.16817pt too wide) in paragraph at lines 1962--1963
 \T1/lmr/m/n/12 mos dos a dos, te-ne-mos que $[]\OT1/lmr/m/n/12 (\OML/lmm/m/it/1
 2 Q[]; n[]\OT1/lmr/m/n/12 ) = 1 \OMS/lmsy/m/n/12 ) \OML/lmm/m/it/12 Q[] \OMS/lm
 sy/m/n/12 ^^A \OML/lmm/m/it/12 y \OMS/lmsy/m/n/12 ^^Q \OT1/lmr/m/n/12 1[]\OML/l
 mm/m/it/12 n[][]$\T1/lmr/m/n/12 . 
 
 Overfull \hbox (8.18481pt too wide) in paragraph at lines 1992--1993
 []\T1/lmr/m/n/12 Sean $\OML/lmm/m/it/12 x[]$ \T1/lmr/m/n/12 una so-lu-cion par-
 ti-cu-lar y $\OML/lmm/m/it/12 x[]$ \T1/lmr/m/n/12 otra so-lu-cion cual-quie-ra 
 $\OMS/lmsy/m/n/12 ) \OML/lmm/m/it/12 x[] \OMS/lmsy/m/n/12 ^^Q \OML/lmm/m/it/12 
 a[][]n[]$
 [2.2]
 
 LaTeX Warning: Reference `euler' on page 46 undefined on input line 2147.
 
 [3.3]
 
 LaTeX Font Warning: Command \large invalid in math mode on input line 2248.
 
 [4.4] [5.5]
 Overfull \hbox (19.36385pt too wide) in paragraph at lines 2330--2331
 []\T1/lmr/m/n/12 Matriz de ad-ya-cen-cia: Si de-no-ta-mos $\OML/lmm/m/it/12 V[]
  \OT1/lmr/m/n/12 = \OMS/lmsy/m/n/12 f\OML/lmm/m/it/12 v[]; [] ; v[]\OMS/lmsy/m/
 n/12 g$ \T1/lmr/m/n/12 y $\OML/lmm/m/it/12 V[] \OT1/lmr/m/n/12 = \OMS/lmsy/m/n/
 12 f\OML/lmm/m/it/12 w[]; [] ; w[]\OMS/lmsy/m/n/12 g$\T1/lmr/m/n/12 . 
 [6.6])
 
 Package hyperxmp Warning: `pdfa' was passed to hyperref, but `pdfapart' was
 (hyperxmp)                not specified.  Setting pdfapart to `1' and
 (hyperxmp)                pdfaconformance to `B'.
 
 (/usr/share/texlive/texmf-dist/tex/generic/stringenc/se-utf8.def)
 (/usr/share/texlive/texmf-dist/tex/generic/stringenc/se-pdfdoc.def)
 
 Package hyperxmp Warning: Unrecognized hyperref driver `hypertex'.
 (hyperxmp)                main.tex's XMP metadata will *not* be
 (hyperxmp)                embedded in the resulting file.
 
 (bmlimages/main/main.aux)
 
 LaTeX Warning: There were undefined references.
 
  )
 (see the transcript file for additional information)
 Output written on bmlimages/main/main.dvi (6 pages, 62512 bytes).
 Transcript written on bmlimages/main/main.log.
 Latexmk: ====List of undefined refs and citations:
   Reference `unicidadtfund' on page 11 undefined on input line 340
   Reference `tfundaritmetica' on page 26 undefined on input line 1019
   Reference `infinitosprimos' on page 26 undefined on input line 1028
   Reference `mcd' on page 28 undefined on input line 1145
   Reference `mcd1' on page 32 undefined on input line 1355
   Reference `mcd1' on page 34 undefined on input line 1445
   Reference `congruencia' on page 36 undefined on input line 1586
  And 1 more --- see log file.
 Latexmk: Getting log file 'bmlimages/main/main.log'
 Latexmk: Examining 'bmlimages/main/main.fls'
 Latexmk: Examining 'bmlimages/main/main.log'
 Latexmk: Log file says output to 'bmlimages/main/main.dvi'
 Latexmk: Summary of warnings from last run of *latex:
   Latex failed to resolve 8 reference(s)
 Latexmk: All targets () are up-to-date
 
Calling dvisvgm --page=1- --bbox=preview --no-fonts --exact --zoom=1.41666666666667 --optimize --output=bmlimages/%f-%0p.svg bmlimages/main/main.dvi
pre-processing DVI file (format version 2)
processing page 1
  applying bounding box set by preview package (version 12.2)
  width=289.146484pt, height=120.712845pt, depth=.501877pt
  graphic size: 289.146484pt x 121.214722pt (101.623367mm x 42.602102mm)
  output written to bmlimages/main-1.svg
processing page 2
  applying bounding box set by preview package (version 12.2)
  width=278.800766pt, height=117.227768pt, depth=.501877pt
  graphic size: 278.800766pt x 117.729645pt (97.987262mm x 41.377238mm)
  output written to bmlimages/main-2.svg
processing page 3
  applying bounding box set by preview package (version 12.2)
  width=164.511108pt, height=167.327789pt, depth=.501877pt
  graphic size: 164.511108pt x 167.829666pt (57.819042mm x 58.985381mm)
  output written to bmlimages/main-3.svg
processing page 4
  applying bounding box set by preview package (version 12.2)
  width=264.458618pt, height=86.260117pt, depth=.501877pt
  graphic size: 264.458618pt x 86.761993pt (92.946574mm x 30.493353mm)
  output written to bmlimages/main-4.svg
processing page 5
  applying bounding box set by preview package (version 12.2)
  width=159.763pt, height=60.635971pt, depth=.501877pt
  graphic size: 159.763pt x 61.137848pt (56.150273mm x 21.487496mm)
  output written to bmlimages/main-5.svg
processing page 6
  applying bounding box set by preview package (version 12.2)
  width=142.02533pt, height=65.812912pt, depth=.501877pt
  graphic size: 142.02533pt x 66.314789pt (49.916194mm x 23.306983mm)
  output written to bmlimages/main-6.svg
6 of 6 pages converted in 0.166093 seconds
 1.94 sec)
Info:malformed:id Duplicated attribute xml:id
	at clase1.tex; line 1263 col 2 - line 1266 col 15
	Using id='S8.Thmcorollary1a' on <ltx:theorem _box="\begin{corollary}Sean $\displa..." _font="Font[serif,medium,upright,10,b..." class="ltx_theorem_corollary" inlist="thm theorem:corollary"/>
	id='S8.Thmcorollary1' already set on <ltx:theorem _box="LaTeXML::Core::Whatsit=HASH(0x..." _font="Font[serif,medium,upright,10,b..." class="ltx_theorem_corollary" inlist="thm theorem:corollary" xml:id="S8.Thmcorollary1" _ID_counter_p_="1">...
(BookML colors... 0.25 sec) 8.57 sec)
(Rewriting... 0.20 sec)
(Math Parsing 1506 formulae ......
Warning:not_parsed:UNKNOWN.PUNCT.UNKNOWN>VERTBAR MathParser failed to match rule 'Anything'
	at clase1.tex; line 904 col 10 - line 904 col 39
	In "$\displaystyle a|b,b|c\Rightarrow a|c$"
	a[[UNKNOWN]] |[[VERTBAR]] b[[UNKNOWN]] ,[[PUNCT]] b[[UNKNOWN]]
	        > |[[VERTBAR]] c[[UNKNOWN]] ⇒[[ARROW]] a[[UNKNOWN]] |[[VERTBAR]] c[[UNKNOWN]]
Warning:not_parsed:PUNCT.ADDOP.NUMBER>VERTBAR MathParser failed to match rule 'Anything'
	at clase1.tex; line 905 col 10 - line 905 col 46
	In "$\displaystyle a|a,\;1|a,\;-a|a,\;-1|a$"
	a[[UNKNOWN]] |[[VERTBAR]] a[[UNKNOWN]] , 1[[NUMBER]] |[[VERTBAR]] a[[UNKNOWN]] ,[[PUNCT]] -[[ADDOP]] a[[UNKNOWN]] |[[VERTBAR]] a[[UNKNOWN]] ,[[PUNCT]] -[[ADDOP]] 1[[NUMBER]]
	        > |[[VERTBAR]] a[[UNKNOWN]]
Warning:not_parsed:UNKNOWN.PUNCT.UNKNOWN>VERTBAR MathParser failed to match rule 'Anything'
	at clase1.tex; line 906 col 10 - line 906 col 44
	In "$\displaystyle a|b,c|d\Rightarrow ac|bd$"
	a[[UNKNOWN]] |[[VERTBAR]] b[[UNKNOWN]] ,[[PUNCT]] c[[UNKNOWN]]
	        > |[[VERTBAR]] d[[UNKNOWN]] ⇒[[ARROW]] a[[UNKNOWN]] c[[UNKNOWN]] |[[VERTBAR]] b[[UNKNOWN]] d[[UNKNOWN]]
Warning:not_parsed:UNKNOWN.RELOP.NUMBER>ARROW MathParser failed to match rule 'Anything'
	at clase1.tex; line 908 col 10 - line 908 col 50
	In "$\displaystyle c\neq 0\Rightarrow(a|b\Leftrightarrow ac|bc)$"
	c[[UNKNOWN]] ≠[[RELOP]] 0[[NUMBER]]
	        > ⇒[[ARROW]] ([[OPEN]] a[[UNKNOWN]] |[[VERTBAR]] b[[UNKNOWN]] ⇔[[METARELOP]] a[[UNKNOWN]] c[[UNKNOWN]] |[[VERTBAR]] b[[UNKNOWN]] c[[UNKNOWN]] )[[CLOSE]]
Warning:not_parsed:UNKNOWN.PUNCT.UNKNOWN>VERTBAR MathParser failed to match rule 'Anything'
	at clase1.tex; line 909 col 10 - line 909 col 42
	In "$\displaystyle a|b,a|c\Rightarrow a|bd+ce$"
	a[[UNKNOWN]] |[[VERTBAR]] b[[UNKNOWN]] ,[[PUNCT]] a[[UNKNOWN]]
	        > |[[VERTBAR]] c[[UNKNOWN]] ⇒[[ARROW]] a[[UNKNOWN]] |[[VERTBAR]] b[[UNKNOWN]] d[[UNKNOWN]] +[[ADDOP]] c[[UNKNOWN]] e[[UNKNOWN]]
Warning:not_parsed:UNKNOWN.PUNCT.UNKNOWN>VERTBAR MathParser failed to match rule 'Anything'
	at clase1.tex; line 911 col 10 - line 911 col 41
	In "$\displaystyle a|b,b|a\Rightarrow|a|=|b|$"
	a[[UNKNOWN]] |[[VERTBAR]] b[[UNKNOWN]] ,[[PUNCT]] b[[UNKNOWN]]
	        > |[[VERTBAR]] a[[UNKNOWN]] ⇒[[ARROW]] |[[VERTBAR]] a[[UNKNOWN]] |[[VERTBAR]] =[[RELOP]] |[[VERTBAR]] b[[UNKNOWN]] |[[VERTBAR]]
Warning:not_parsed:UNKNOWN.PUNCT.UNKNOWN>VERTBAR MathParser failed to match rule 'Anything'
	at clase1.tex; line 928 col 10 - line 928 col 49
	In "$\displaystyle a=1\cdot a\Rightarrow 1|a,a|a$"
	a[[UNKNOWN]] =[[RELOP]] 1[[NUMBER]] ⋅[[MULOP]] a[[UNKNOWN]] ⇒[[ARROW]] 1[[NUMBER]] |[[VERTBAR]] a[[UNKNOWN]] ,[[PUNCT]] a[[UNKNOWN]]
	        > |[[VERTBAR]] a[[UNKNOWN]]
Warning:not_parsed:PUNCT.ADDOP.UNKNOWN>VERTBAR MathParser failed to match rule 'Anything'
	at clase1.tex; line 930 col 10 - line 930 col 58
	In "$\displaystyle a=(-1)(-a)\Rightarrow-1\mid a,-a\mid a$"
	a[[UNKNOWN]] =[[RELOP]] ([[OPEN]] -[[ADDOP]] 1[[NUMBER]] )[[CLOSE]] ([[OPEN]] -[[ADDOP]] a[[UNKNOWN]] )[[CLOSE]] ⇒[[ARROW]] -[[ADDOP]] 1[[NUMBER]] ∣[[VERTBAR]] a[[UNKNOWN]] ,[[PUNCT]] -[[ADDOP]] a[[UNKNOWN]]
	        > ∣[[VERTBAR]] a[[UNKNOWN]]
Warning:not_parsed:ARROW>CLOSE MathParser failed to match rule 'Anything'
	at clase1.tex; line 991 col 3 - line 991 col 17
	In "$\displaystyle\Leftarrow)$"
	⇐[[ARROW]]
	        > )[[CLOSE]]
Warning:not_parsed:ARROW>CLOSE MathParser failed to match rule 'Anything'
	at clase1.tex; line 993 col 3 - line 993 col 19
	In "$\displaystyle\Rightarrow)$"
	⇒[[ARROW]]
	        > )[[CLOSE]]
Warning:not_parsed:RELOP>CLOSE MathParser failed to match rule 'Anything'
	at clase1.tex; line 1088 col 3 - line 1088 col 16
	In "$\displaystyle\subseteq)$"
	⊆[[RELOP]]
	        > )[[CLOSE]]
Warning:not_parsed:RELOP>CLOSE MathParser failed to match rule 'Anything'
	at clase1.tex; line 1094 col 3 - line 1094 col 17
	In "$\displaystyle\supseteq)$"
	⊇[[RELOP]]
	        > )[[CLOSE]]
Warning:not_parsed:RELOP>CLOSE MathParser failed to match rule 'Anything'
	at clase1.tex; line 1230 col 3 - line 1230 col 17
	In "$\displaystyle\subseteq)$"
	⊆[[RELOP]]
	        > )[[CLOSE]]
Warning:not_parsed:RELOP>CLOSE MathParser failed to match rule 'Anything'
	at clase1.tex; line 1236 col 3 - line 1236 col 16
	In "$\displaystyle\supseteq)$"
	⊇[[RELOP]]
	        > )[[CLOSE]]
Warning:not_parsed:UNKNOWN>MULOP MathParser failed to match rule 'Anything'
	at clase1.tex; line 1550 col 0 - line 1552 col 3
	In "$$\displaystyle\mathbb{Z}/\equiv\text{ mod }n=\{[0],[1],[2],[3],[4],[5]\}=%
	\mathbb{Z}_{6}$$"
	Z[[UNKNOWN]]
	        > /[[MULOP]] ≡[[RELOP]] \text{ mod }[[UNKNOWN]] n[[UNKNOWN]] =[[RELOP]] \{[[OPEN]] [[[OPEN]] 0[[NUMBER]] ][[CLOSE]] ,[[PUNCT]] [[[OPEN]] 1[[NUMBER]] ][[CLOSE]] ,[[PUNCT]] [[[OPEN]] 2[[NUMBER]] ][[CLOSE]] ,[[PUNCT]] [[[OPEN]] 3[[NUMBER]] ][[CLOSE]] ,[[PUNCT]] [[[OPEN]] 4[[NUMBER]] ][[CLOSE]] ,[[PUNCT]] [[[OPEN]] 5[[NUMBER]] ][[CLOSE]] \}[[CLOSE]] =[[RELOP]] Z[[UNKNOWN]] _{6}[[POSTSUBSCRIPT]]
Warning:not_parsed:ADDOP.METARELOP>UNKNOWN MathParser failed to match rule 'Anything'
	at clase1.tex; line 1638 col 10 - line 1638 col 38
	In "$\displaystyle\oplus:A\times A\to A$"
	⊕[[ADDOP]] :[[METARELOP]]
	        > A[[UNKNOWN]] ×[[MULOP]] A[[UNKNOWN]] →[[ARROW]] A[[UNKNOWN]]
Warning:not_parsed:MULOP.METARELOP>UNKNOWN MathParser failed to match rule 'Anything'
	at clase1.tex; line 1639 col 10 - line 1639 col 39
	In "$\displaystyle\otimes:A\times A\to A$"
	⊗[[MULOP]] :[[METARELOP]]
	        > A[[UNKNOWN]] ×[[MULOP]] A[[UNKNOWN]] →[[ARROW]] A[[UNKNOWN]]
Warning:not_parsed:ATOM.METARELOP.UNKNOWN>PERIOD MathParser failed to match rule 'Anything'
	at clase1.tex; line 1716 col 0 - line 1718 col 3
	In "$$\displaystyle[a]_{n}\text{ es invertible}\Leftrightarrow\mathrm{m.c.d.}(a,n)%
	=1$$"
	[[[OPEN]] a[[UNKNOWN]] ][[CLOSE]] _{n}[[POSTSUBSCRIPT]] \text{ es invertible}[[UNKNOWN]] ⇔[[METARELOP]] m[[UNKNOWN]]
	        > .[[PERIOD]] c[[UNKNOWN]] .[[PERIOD]] d[[UNKNOWN]] .[[PERIOD]] ([[OPEN]] a[[UNKNOWN]] ,[[PUNCT]] n[[UNKNOWN]] )[[CLOSE]] =[[RELOP]] 1[[NUMBER]]
Warning:not_parsed:CLOSE.VERTBAR.NUMBER>METARELOP MathParser failed to match rule 'Anything'
	at clase1.tex; line 1727 col 49 - line 1727 col 106
	In "$\displaystyle\mathrm{m.c.d.}(n,a)|1\Leftrightarrow\mathrm{m.c.d.}(n,a)=1$"
	m[[UNKNOWN]] .[[PERIOD]] c[[UNKNOWN]] .[[PERIOD]] d[[UNKNOWN]] .[[PERIOD]] ([[OPEN]] n[[UNKNOWN]] ,[[PUNCT]] a[[UNKNOWN]] )[[CLOSE]] |[[VERTBAR]] 1[[NUMBER]]
	        > ⇔[[METARELOP]] m[[UNKNOWN]] .[[PERIOD]] c[[UNKNOWN]] .[[PERIOD]] d[[UNKNOWN]] .[[PERIOD]] ([[OPEN]] n[[UNKNOWN]] ,[[PUNCT]] a[[UNKNOWN]] )[[CLOSE]] =[[RELOP]] 1[[NUMBER]]
Warning:not_parsed:ARROW>CLOSE MathParser failed to match rule 'Anything'
	at clase1.tex; line 1757 col 3 - line 1757 col 18
	In "$\displaystyle\Leftarrow)$"
	⇐[[ARROW]]
	        > )[[CLOSE]]
Warning:not_parsed:ARROW>CLOSE MathParser failed to match rule 'Anything'
	at clase1.tex; line 1763 col 3 - line 1763 col 19
	In "$\displaystyle\Rightarrow)$"
	⇒[[ARROW]]
	        > )[[CLOSE]]
Warning:not_parsed:UNKNOWN.ATOM.UNKNOWN>CLOSE MathParser failed to match rule 'Anything'
	at clase1.tex; line 1790 col 0 - line 1792 col 3
	In "$$\displaystyle ax\equiv b\text{ (mod }n)$$"
	a[[UNKNOWN]] x[[UNKNOWN]] ≡[[RELOP]] b[[UNKNOWN]] \text{ (mod }[[UNKNOWN]] n[[UNKNOWN]]
	        > )[[CLOSE]]
Warning:not_parsed:UNKNOWN.MULOP.ATOM>OPEN MathParser failed to match rule 'Anything'
	at clase1.tex; line 1839 col 60 - line 1839 col 536
	In "$\displaystyle\Rightarrow ac\equiv b\text{ mod }n\Rightarrow\exists k\in%
	\mathbb{Z}\mid ac-b=k\cdot n\Rightarrow\exists k\in\mathbb{Z}\mid\frac{ac-b}{d%
	}=\frac{k\cdot n}{d}\Rightarrow\exists k\in\mathbb{Z}\mid\frac{a}{d}c-\frac{b}%
	{d}=k\cdot\frac{n}{d}(\in\mathbb{Z}\text{ porque }d=\mathrm{m.c.d.(a,n)}\text{%
	 y }d|b)\Leftrightarrow\frac{a}{d}\cdot c\equiv\frac{b}{d}\text{ mod }\frac{n}%
	{d}\Leftrightarrow\text{ k es solucion de }\frac{a}{d}x\equiv\frac{b}{d}\text{%
	 mod }\frac{n}{d}$"
	⇒[[ARROW]] a[[UNKNOWN]] c[[UNKNOWN]] ≡[[RELOP]] b[[UNKNOWN]] \text{ mod }[[UNKNOWN]] n[[UNKNOWN]] ⇒[[ARROW]] ∃[[BIGOP]] k[[UNKNOWN]] ∈[[RELOP]] Z[[UNKNOWN]] ∣[[VERTBAR]] a[[UNKNOWN]] c[[UNKNOWN]] -[[ADDOP]] b[[UNKNOWN]] =[[RELOP]] k[[UNKNOWN]] ⋅[[MULOP]] n[[UNKNOWN]] ⇒[[ARROW]] ∃[[BIGOP]] k[[UNKNOWN]] ∈[[RELOP]] Z[[UNKNOWN]] ∣[[VERTBAR]] \frac{ac-b}{d}[[UNKNOWN]] =[[RELOP]] \frac{k\cdotn}{d}[[UNKNOWN]] ⇒[[ARROW]] ∃[[BIGOP]] k[[UNKNOWN]] ∈[[RELOP]] Z[[UNKNOWN]] ∣[[VERTBAR]] \frac{a}{d}[[UNKNOWN]] c[[UNKNOWN]] -[[ADDOP]] \frac{b}{d}[[UNKNOWN]] =[[RELOP]] k[[UNKNOWN]] ⋅[[MULOP]] \frac{n}{d}[[UNKNOWN]]
	        > ([[OPEN]] ∈[[RELOP]] Z[[UNKNOWN]] \text{ porque }[[UNKNOWN]] d[[UNKNOWN]] =[[RELOP]] m[[UNKNOWN]] .[[PERIOD]] c[[UNKNOWN]] .[[PERIOD]] d[[UNKNOWN]] .[[PERIOD]] ([[OPEN]] a[[UNKNOWN]] ,[[PUNCT]] n[[UNKNOWN]] )[[CLOSE]] \text{ y }[[UNKNOWN]] d[[UNKNOWN]] |[[VERTBAR]] b[[UNKNOWN]] )[[CLOSE]] ⇔[[METARELOP]] \frac{a}{d}[[UNKNOWN]] ⋅[[MULOP]] c[[UNKNOWN]] ≡[[RELOP]] \frac{b}{d}[[UNKNOWN]] \text{ mod }[[UNKNOWN]] \frac{n}{d}[[UNKNOWN]] ⇔[[METARELOP]] \text{ k es solucion de }[[UNKNOWN]] \frac{a}{d}[[UNKNOWN]] x[[UNKNOWN]] ≡[[RELOP]] \frac{b}{d}[[UNKNOWN]] \text{ mod }[[UNKNOWN]] \frac{n}{d}[[UNKNOWN]]
Warning:not_parsed:UNKNOWN.ATOM.UNKNOWN>CLOSE MathParser failed to match rule 'Anything'
	at clase1.tex; line 1844 col 0 - line 1846 col 3
	In "$$\displaystyle b\equiv c\text{ (mod }n)\Leftrightarrow ab\equiv ac\text{ (mod%
	 n)}$$"
	b[[UNKNOWN]] ≡[[RELOP]] c[[UNKNOWN]] \text{ (mod }[[UNKNOWN]] n[[UNKNOWN]]
	        > )[[CLOSE]] ⇔[[METARELOP]] a[[UNKNOWN]] b[[UNKNOWN]] ≡[[RELOP]] a[[UNKNOWN]] c[[UNKNOWN]] \text{ (mod n)}[[UNKNOWN]]
Warning:not_parsed:ARROW>CLOSE MathParser failed to match rule 'Anything'
	at clase1.tex; line 1849 col 3 - line 1849 col 19
	In "$\displaystyle\Rightarrow)$"
	⇒[[ARROW]]
	        > )[[CLOSE]]
Warning:not_parsed:ARROW>CLOSE MathParser failed to match rule 'Anything'
	at clase1.tex; line 1851 col 3 - line 1851 col 18
	In "$\displaystyle\Leftarrow)$"
	⇐[[ARROW]]
	        > )[[CLOSE]]
Warning:not_parsed:UNKNOWN.ATOM.UNKNOWN>CLOSE MathParser failed to match rule 'Anything'
	at clase1.tex; line 1858 col 0 - line 1860 col 3
	In "$$\displaystyle ax\equiv b\text{ (mod }n)$$"
	a[[UNKNOWN]] x[[UNKNOWN]] ≡[[RELOP]] b[[UNKNOWN]] \text{ (mod }[[UNKNOWN]] n[[UNKNOWN]]
	        > )[[CLOSE]]
Warning:not_parsed:>OPEN MathParser failed to match rule 'Anything'
	at clase1.tex; line 2079 col 54 - line 2079 col 94
	In "$\displaystyle\{gr(v_{1},),gr(v_{2}),\ldots,gr(v_{n})\}$"
	> \{[[OPEN]] g[[UNKNOWN]] r[[UNKNOWN]] ([[OPEN]] v[[UNKNOWN]] _{1}[[POSTSUBSCRIPT]] ,[[PUNCT]] )[[CLOSE]] ,[[PUNCT]] g[[UNKNOWN]] r[[UNKNOWN]] ([[OPEN]] v[[UNKNOWN]] _{2}[[POSTSUBSCRIPT]] )[[CLOSE]] ,[[PUNCT]] \ldots[[ID]] ,[[PUNCT]] g[[UNKNOWN]] r[[UNKNOWN]] ([[OPEN]] v[[UNKNOWN]] _{n}[[POSTSUBSCRIPT]] )[[CLOSE]] \}[[CLOSE]]
 11.94 sec)
Math parsing succeeded:
   ltx:XMath: 1478/1506
   ltx:XMArg: 1931/1931
   ltx:XMWrap: 78/92
Symbols assumed as simple identifiers (with # of occurences):
   '?' (1), 'A{italic}' (46), 'B{italic}' (64), 'C{italic}' (8), 'Delta' (2), 'D{italic}' (22), 'E{italic}' (43), 'F{italic}' (1), 'G{italic}' (20), 'I{italic}' (7), 'K{italic}' (5), 'N{blackboard}' (66), 'O{italic}' (1), 'P{italic}' (9), 'Q{blackboard}' (2), 'Q{italic}' (20), 'R{blackboard}' (3), 'R{italic}' (6), 'S{italic}' (1), 'V{italic}' (105), 'Z{blackboard}' (142), 'a' (2), 'a{italic}' (568), 'b{italic}' (363), 'c' (78), 'c{italic}' (146), 'd' (73), 'd{italic}' (129), 'e{italic}' (32), 'f{italic}' (15), 'g{italic}' (35), 'h{italic}' (1), 'i{italic}' (44), 'j{italic}' (65), 'k{italic}' (171), 'm' (84), 'min' (1), 'mod8' (1), 'm{italic}' (172), 'n' (2), 'n{italic}' (581), 'p{italic}' (81), 'q{italic}' (58), 'r{italic}' (153), 's{italic}' (5), 't{italic}' (24), 'u{italic}' (50), 'v{italic}' (122), 'w{italic}' (10), 'x{italic}' (183), 'y{italic}' (65), 'z{italic}' (2)
Set MATHPARSER_SPECULATE to speculate on possible notations.
(Finalizing... 1.22 sec)
Conversion complete 29 warnings; 1 missing file[doclicense.sty] (See auxdir/main.latexml.log) (reqd. 34.76s)
